{"d:\\qaf_jar\\vs-icon\\qasOut\\test\\cleanUp\\cleanUp.test.js":{"path":"d:\\qaf_jar\\vs-icon\\qasOut\\test\\cleanUp\\cleanUp.test.js","statementMap":{"0":{"start":{"line":2,"column":0},"end":{"line":2,"column":62}},"1":{"start":{"line":5,"column":15},"end":{"line":5,"column":30}},"2":{"start":{"line":6,"column":11},"end":{"line":6,"column":24}},"3":{"start":{"line":7,"column":11},"end":{"line":7,"column":24}},"4":{"start":{"line":8,"column":14},"end":{"line":8,"column":30}},"5":{"start":{"line":9,"column":16},"end":{"line":9,"column":44}},"6":{"start":{"line":10,"column":14},"end":{"line":10,"column":40}},"7":{"start":{"line":11,"column":20},"end":{"line":11,"column":50}},"8":{"start":{"line":12,"column":0},"end":{"line":310,"column":3}},"9":{"start":{"line":13,"column":4},"end":{"line":309,"column":7}},"10":{"start":{"line":16,"column":8},"end":{"line":19,"column":11}},"11":{"start":{"line":17,"column":12},"end":{"line":17,"column":44}},"12":{"start":{"line":18,"column":12},"end":{"line":18,"column":51}},"13":{"start":{"line":20,"column":8},"end":{"line":22,"column":11}},"14":{"start":{"line":21,"column":12},"end":{"line":21,"column":30}},"15":{"start":{"line":23,"column":8},"end":{"line":214,"column":11}},"16":{"start":{"line":24,"column":12},"end":{"line":213,"column":15}},"17":{"start":{"line":28,"column":16},"end":{"line":30,"column":19}},"18":{"start":{"line":29,"column":20},"end":{"line":29,"column":69}},"19":{"start":{"line":31,"column":16},"end":{"line":72,"column":19}},"20":{"start":{"line":32,"column":20},"end":{"line":39,"column":23}},"21":{"start":{"line":33,"column":24},"end":{"line":33,"column":47}},"22":{"start":{"line":34,"column":24},"end":{"line":34,"column":67}},"23":{"start":{"line":35,"column":24},"end":{"line":35,"column":55}},"24":{"start":{"line":36,"column":24},"end":{"line":38,"column":27}},"25":{"start":{"line":40,"column":20},"end":{"line":71,"column":23}},"26":{"start":{"line":41,"column":24},"end":{"line":46,"column":27}},"27":{"start":{"line":42,"column":28},"end":{"line":42,"column":74}},"28":{"start":{"line":43,"column":45},"end":{"line":43,"column":116}},"29":{"start":{"line":44,"column":28},"end":{"line":44,"column":84}},"30":{"start":{"line":45,"column":28},"end":{"line":45,"column":97}},"31":{"start":{"line":47,"column":24},"end":{"line":52,"column":27}},"32":{"start":{"line":48,"column":28},"end":{"line":48,"column":77}},"33":{"start":{"line":49,"column":45},"end":{"line":49,"column":88}},"34":{"start":{"line":50,"column":28},"end":{"line":50,"column":84}},"35":{"start":{"line":51,"column":28},"end":{"line":51,"column":97}},"36":{"start":{"line":53,"column":24},"end":{"line":58,"column":27}},"37":{"start":{"line":54,"column":28},"end":{"line":54,"column":86}},"38":{"start":{"line":55,"column":45},"end":{"line":55,"column":99}},"39":{"start":{"line":56,"column":28},"end":{"line":56,"column":84}},"40":{"start":{"line":57,"column":28},"end":{"line":57,"column":97}},"41":{"start":{"line":59,"column":24},"end":{"line":64,"column":27}},"42":{"start":{"line":60,"column":28},"end":{"line":60,"column":76}},"43":{"start":{"line":61,"column":45},"end":{"line":61,"column":87}},"44":{"start":{"line":62,"column":28},"end":{"line":62,"column":84}},"45":{"start":{"line":63,"column":28},"end":{"line":63,"column":97}},"46":{"start":{"line":65,"column":24},"end":{"line":70,"column":27}},"47":{"start":{"line":66,"column":28},"end":{"line":66,"column":81}},"48":{"start":{"line":67,"column":45},"end":{"line":67,"column":94}},"49":{"start":{"line":68,"column":28},"end":{"line":68,"column":84}},"50":{"start":{"line":69,"column":28},"end":{"line":69,"column":97}},"51":{"start":{"line":73,"column":16},"end":{"line":115,"column":19}},"52":{"start":{"line":74,"column":20},"end":{"line":82,"column":23}},"53":{"start":{"line":75,"column":24},"end":{"line":75,"column":74}},"54":{"start":{"line":76,"column":24},"end":{"line":76,"column":60}},"55":{"start":{"line":77,"column":24},"end":{"line":77,"column":72}},"56":{"start":{"line":78,"column":24},"end":{"line":78,"column":52}},"57":{"start":{"line":79,"column":24},"end":{"line":81,"column":27}},"58":{"start":{"line":83,"column":20},"end":{"line":114,"column":23}},"59":{"start":{"line":84,"column":24},"end":{"line":89,"column":27}},"60":{"start":{"line":85,"column":28},"end":{"line":85,"column":74}},"61":{"start":{"line":86,"column":45},"end":{"line":86,"column":116}},"62":{"start":{"line":87,"column":28},"end":{"line":87,"column":81}},"63":{"start":{"line":88,"column":28},"end":{"line":88,"column":97}},"64":{"start":{"line":90,"column":24},"end":{"line":95,"column":27}},"65":{"start":{"line":91,"column":28},"end":{"line":91,"column":77}},"66":{"start":{"line":92,"column":45},"end":{"line":92,"column":88}},"67":{"start":{"line":93,"column":28},"end":{"line":93,"column":81}},"68":{"start":{"line":94,"column":28},"end":{"line":94,"column":97}},"69":{"start":{"line":96,"column":24},"end":{"line":101,"column":27}},"70":{"start":{"line":97,"column":28},"end":{"line":97,"column":86}},"71":{"start":{"line":98,"column":45},"end":{"line":98,"column":99}},"72":{"start":{"line":99,"column":28},"end":{"line":99,"column":81}},"73":{"start":{"line":100,"column":28},"end":{"line":100,"column":97}},"74":{"start":{"line":102,"column":24},"end":{"line":107,"column":27}},"75":{"start":{"line":103,"column":28},"end":{"line":103,"column":76}},"76":{"start":{"line":104,"column":45},"end":{"line":104,"column":87}},"77":{"start":{"line":105,"column":28},"end":{"line":105,"column":81}},"78":{"start":{"line":106,"column":28},"end":{"line":106,"column":97}},"79":{"start":{"line":108,"column":24},"end":{"line":113,"column":27}},"80":{"start":{"line":109,"column":28},"end":{"line":109,"column":81}},"81":{"start":{"line":110,"column":45},"end":{"line":110,"column":94}},"82":{"start":{"line":111,"column":28},"end":{"line":111,"column":81}},"83":{"start":{"line":112,"column":28},"end":{"line":112,"column":97}},"84":{"start":{"line":116,"column":16},"end":{"line":170,"column":19}},"85":{"start":{"line":117,"column":20},"end":{"line":125,"column":23}},"86":{"start":{"line":118,"column":24},"end":{"line":118,"column":75}},"87":{"start":{"line":119,"column":24},"end":{"line":119,"column":80}},"88":{"start":{"line":120,"column":24},"end":{"line":120,"column":72}},"89":{"start":{"line":121,"column":24},"end":{"line":121,"column":53}},"90":{"start":{"line":122,"column":24},"end":{"line":124,"column":27}},"91":{"start":{"line":126,"column":20},"end":{"line":169,"column":23}},"92":{"start":{"line":127,"column":24},"end":{"line":144,"column":27}},"93":{"start":{"line":128,"column":28},"end":{"line":133,"column":31}},"94":{"start":{"line":129,"column":32},"end":{"line":129,"column":78}},"95":{"start":{"line":130,"column":49},"end":{"line":130,"column":134}},"96":{"start":{"line":131,"column":32},"end":{"line":131,"column":86}},"97":{"start":{"line":132,"column":32},"end":{"line":132,"column":101}},"98":{"start":{"line":134,"column":28},"end":{"line":143,"column":31}},"99":{"start":{"line":135,"column":32},"end":{"line":137,"column":35}},"100":{"start":{"line":138,"column":32},"end":{"line":138,"column":77}},"101":{"start":{"line":139,"column":32},"end":{"line":139,"column":78}},"102":{"start":{"line":140,"column":49},"end":{"line":140,"column":143}},"103":{"start":{"line":141,"column":32},"end":{"line":141,"column":86}},"104":{"start":{"line":142,"column":32},"end":{"line":142,"column":101}},"105":{"start":{"line":145,"column":24},"end":{"line":150,"column":27}},"106":{"start":{"line":146,"column":28},"end":{"line":146,"column":77}},"107":{"start":{"line":147,"column":45},"end":{"line":147,"column":88}},"108":{"start":{"line":148,"column":28},"end":{"line":148,"column":82}},"109":{"start":{"line":149,"column":28},"end":{"line":149,"column":97}},"110":{"start":{"line":151,"column":24},"end":{"line":156,"column":27}},"111":{"start":{"line":152,"column":28},"end":{"line":152,"column":86}},"112":{"start":{"line":153,"column":45},"end":{"line":153,"column":99}},"113":{"start":{"line":154,"column":28},"end":{"line":154,"column":82}},"114":{"start":{"line":155,"column":28},"end":{"line":155,"column":97}},"115":{"start":{"line":157,"column":24},"end":{"line":162,"column":27}},"116":{"start":{"line":158,"column":28},"end":{"line":158,"column":76}},"117":{"start":{"line":159,"column":45},"end":{"line":159,"column":87}},"118":{"start":{"line":160,"column":28},"end":{"line":160,"column":82}},"119":{"start":{"line":161,"column":28},"end":{"line":161,"column":97}},"120":{"start":{"line":163,"column":24},"end":{"line":168,"column":27}},"121":{"start":{"line":164,"column":28},"end":{"line":164,"column":81}},"122":{"start":{"line":165,"column":45},"end":{"line":165,"column":94}},"123":{"start":{"line":166,"column":28},"end":{"line":166,"column":82}},"124":{"start":{"line":167,"column":28},"end":{"line":167,"column":97}},"125":{"start":{"line":171,"column":16},"end":{"line":212,"column":19}},"126":{"start":{"line":172,"column":20},"end":{"line":179,"column":23}},"127":{"start":{"line":173,"column":24},"end":{"line":173,"column":74}},"128":{"start":{"line":174,"column":24},"end":{"line":174,"column":52}},"129":{"start":{"line":175,"column":24},"end":{"line":178,"column":27}},"130":{"start":{"line":180,"column":20},"end":{"line":211,"column":23}},"131":{"start":{"line":181,"column":24},"end":{"line":186,"column":27}},"132":{"start":{"line":182,"column":28},"end":{"line":182,"column":74}},"133":{"start":{"line":183,"column":45},"end":{"line":183,"column":116}},"134":{"start":{"line":184,"column":28},"end":{"line":184,"column":81}},"135":{"start":{"line":185,"column":28},"end":{"line":185,"column":97}},"136":{"start":{"line":187,"column":24},"end":{"line":192,"column":27}},"137":{"start":{"line":188,"column":28},"end":{"line":188,"column":77}},"138":{"start":{"line":189,"column":45},"end":{"line":189,"column":100}},"139":{"start":{"line":190,"column":28},"end":{"line":190,"column":81}},"140":{"start":{"line":191,"column":28},"end":{"line":191,"column":97}},"141":{"start":{"line":193,"column":24},"end":{"line":198,"column":27}},"142":{"start":{"line":194,"column":28},"end":{"line":194,"column":86}},"143":{"start":{"line":195,"column":45},"end":{"line":195,"column":111}},"144":{"start":{"line":196,"column":28},"end":{"line":196,"column":81}},"145":{"start":{"line":197,"column":28},"end":{"line":197,"column":97}},"146":{"start":{"line":199,"column":24},"end":{"line":204,"column":27}},"147":{"start":{"line":200,"column":28},"end":{"line":200,"column":76}},"148":{"start":{"line":201,"column":45},"end":{"line":201,"column":99}},"149":{"start":{"line":202,"column":28},"end":{"line":202,"column":81}},"150":{"start":{"line":203,"column":28},"end":{"line":203,"column":97}},"151":{"start":{"line":205,"column":24},"end":{"line":210,"column":27}},"152":{"start":{"line":206,"column":28},"end":{"line":206,"column":81}},"153":{"start":{"line":207,"column":45},"end":{"line":207,"column":106}},"154":{"start":{"line":208,"column":28},"end":{"line":208,"column":81}},"155":{"start":{"line":209,"column":28},"end":{"line":209,"column":97}},"156":{"start":{"line":215,"column":8},"end":{"line":233,"column":11}},"157":{"start":{"line":217,"column":12},"end":{"line":222,"column":15}},"158":{"start":{"line":218,"column":16},"end":{"line":218,"column":56}},"159":{"start":{"line":219,"column":16},"end":{"line":221,"column":19}},"160":{"start":{"line":223,"column":12},"end":{"line":226,"column":15}},"161":{"start":{"line":224,"column":16},"end":{"line":224,"column":49}},"162":{"start":{"line":225,"column":16},"end":{"line":225,"column":64}},"163":{"start":{"line":227,"column":12},"end":{"line":232,"column":15}},"164":{"start":{"line":228,"column":36},"end":{"line":228,"column":66}},"165":{"start":{"line":229,"column":16},"end":{"line":229,"column":47}},"166":{"start":{"line":230,"column":16},"end":{"line":230,"column":49}},"167":{"start":{"line":231,"column":16},"end":{"line":231,"column":65}},"168":{"start":{"line":234,"column":8},"end":{"line":281,"column":11}},"169":{"start":{"line":237,"column":12},"end":{"line":243,"column":15}},"170":{"start":{"line":238,"column":16},"end":{"line":238,"column":60}},"171":{"start":{"line":239,"column":16},"end":{"line":239,"column":62}},"172":{"start":{"line":240,"column":16},"end":{"line":242,"column":19}},"173":{"start":{"line":244,"column":12},"end":{"line":247,"column":15}},"174":{"start":{"line":245,"column":16},"end":{"line":245,"column":48}},"175":{"start":{"line":246,"column":16},"end":{"line":246,"column":66}},"176":{"start":{"line":248,"column":12},"end":{"line":253,"column":15}},"177":{"start":{"line":249,"column":32},"end":{"line":249,"column":65}},"178":{"start":{"line":250,"column":16},"end":{"line":250,"column":51}},"179":{"start":{"line":251,"column":16},"end":{"line":251,"column":48}},"180":{"start":{"line":252,"column":16},"end":{"line":252,"column":67}},"181":{"start":{"line":254,"column":12},"end":{"line":260,"column":15}},"182":{"start":{"line":255,"column":36},"end":{"line":255,"column":66}},"183":{"start":{"line":256,"column":16},"end":{"line":256,"column":55}},"184":{"start":{"line":257,"column":16},"end":{"line":257,"column":48}},"185":{"start":{"line":258,"column":16},"end":{"line":258,"column":65}},"186":{"start":{"line":259,"column":16},"end":{"line":259,"column":64}},"187":{"start":{"line":261,"column":12},"end":{"line":268,"column":15}},"188":{"start":{"line":262,"column":36},"end":{"line":262,"column":66}},"189":{"start":{"line":263,"column":32},"end":{"line":263,"column":64}},"190":{"start":{"line":264,"column":16},"end":{"line":264,"column":51}},"191":{"start":{"line":265,"column":16},"end":{"line":265,"column":50}},"192":{"start":{"line":266,"column":16},"end":{"line":266,"column":48}},"193":{"start":{"line":267,"column":16},"end":{"line":267,"column":65}},"194":{"start":{"line":269,"column":12},"end":{"line":274,"column":15}},"195":{"start":{"line":270,"column":32},"end":{"line":270,"column":50}},"196":{"start":{"line":271,"column":16},"end":{"line":271,"column":51}},"197":{"start":{"line":272,"column":16},"end":{"line":272,"column":48}},"198":{"start":{"line":273,"column":16},"end":{"line":273,"column":68}},"199":{"start":{"line":275,"column":12},"end":{"line":280,"column":15}},"200":{"start":{"line":276,"column":32},"end":{"line":276,"column":34}},"201":{"start":{"line":277,"column":16},"end":{"line":277,"column":51}},"202":{"start":{"line":278,"column":16},"end":{"line":278,"column":48}},"203":{"start":{"line":279,"column":16},"end":{"line":279,"column":68}},"204":{"start":{"line":282,"column":8},"end":{"line":297,"column":11}},"205":{"start":{"line":284,"column":12},"end":{"line":287,"column":15}},"206":{"start":{"line":285,"column":32},"end":{"line":285,"column":128}},"207":{"start":{"line":286,"column":16},"end":{"line":286,"column":47}},"208":{"start":{"line":288,"column":12},"end":{"line":291,"column":15}},"209":{"start":{"line":289,"column":16},"end":{"line":289,"column":52}},"210":{"start":{"line":290,"column":16},"end":{"line":290,"column":103}},"211":{"start":{"line":292,"column":12},"end":{"line":296,"column":15}},"212":{"start":{"line":293,"column":16},"end":{"line":293,"column":91}},"213":{"start":{"line":294,"column":16},"end":{"line":294,"column":52}},"214":{"start":{"line":295,"column":16},"end":{"line":295,"column":117}},"215":{"start":{"line":298,"column":8},"end":{"line":308,"column":11}},"216":{"start":{"line":300,"column":12},"end":{"line":303,"column":15}},"217":{"start":{"line":301,"column":32},"end":{"line":301,"column":102}},"218":{"start":{"line":302,"column":16},"end":{"line":302,"column":47}},"219":{"start":{"line":304,"column":12},"end":{"line":307,"column":15}},"220":{"start":{"line":305,"column":16},"end":{"line":305,"column":56}},"221":{"start":{"line":306,"column":16},"end":{"line":306,"column":74}}},"fnMap":{"0":{"name":"(anonymous_0)","decl":{"start":{"line":12,"column":27},"end":{"line":12,"column":28}},"loc":{"start":{"line":12,"column":39},"end":{"line":310,"column":1}},"line":12},"1":{"name":"(anonymous_1)","decl":{"start":{"line":13,"column":28},"end":{"line":13,"column":29}},"loc":{"start":{"line":13,"column":40},"end":{"line":309,"column":5}},"line":13},"2":{"name":"(anonymous_2)","decl":{"start":{"line":16,"column":19},"end":{"line":16,"column":20}},"loc":{"start":{"line":16,"column":25},"end":{"line":19,"column":9}},"line":16},"3":{"name":"(anonymous_3)","decl":{"start":{"line":20,"column":18},"end":{"line":20,"column":19}},"loc":{"start":{"line":20,"column":24},"end":{"line":22,"column":9}},"line":20},"4":{"name":"(anonymous_4)","decl":{"start":{"line":23,"column":70},"end":{"line":23,"column":71}},"loc":{"start":{"line":23,"column":82},"end":{"line":214,"column":9}},"line":23},"5":{"name":"(anonymous_5)","decl":{"start":{"line":24,"column":77},"end":{"line":24,"column":78}},"loc":{"start":{"line":24,"column":89},"end":{"line":213,"column":13}},"line":24},"6":{"name":"(anonymous_6)","decl":{"start":{"line":28,"column":27},"end":{"line":28,"column":28}},"loc":{"start":{"line":28,"column":33},"end":{"line":30,"column":17}},"line":28},"7":{"name":"(anonymous_7)","decl":{"start":{"line":31,"column":32},"end":{"line":31,"column":33}},"loc":{"start":{"line":31,"column":44},"end":{"line":72,"column":17}},"line":31},"8":{"name":"(anonymous_8)","decl":{"start":{"line":32,"column":31},"end":{"line":32,"column":32}},"loc":{"start":{"line":32,"column":37},"end":{"line":39,"column":21}},"line":32},"9":{"name":"(anonymous_9)","decl":{"start":{"line":40,"column":70},"end":{"line":40,"column":71}},"loc":{"start":{"line":40,"column":82},"end":{"line":71,"column":21}},"line":40},"10":{"name":"(anonymous_10)","decl":{"start":{"line":41,"column":47},"end":{"line":41,"column":48}},"loc":{"start":{"line":41,"column":59},"end":{"line":46,"column":25}},"line":41},"11":{"name":"(anonymous_11)","decl":{"start":{"line":47,"column":40},"end":{"line":47,"column":41}},"loc":{"start":{"line":47,"column":52},"end":{"line":52,"column":25}},"line":47},"12":{"name":"(anonymous_12)","decl":{"start":{"line":53,"column":49},"end":{"line":53,"column":50}},"loc":{"start":{"line":53,"column":61},"end":{"line":58,"column":25}},"line":53},"13":{"name":"(anonymous_13)","decl":{"start":{"line":59,"column":37},"end":{"line":59,"column":38}},"loc":{"start":{"line":59,"column":49},"end":{"line":64,"column":25}},"line":59},"14":{"name":"(anonymous_14)","decl":{"start":{"line":65,"column":42},"end":{"line":65,"column":43}},"loc":{"start":{"line":65,"column":54},"end":{"line":70,"column":25}},"line":65},"15":{"name":"(anonymous_15)","decl":{"start":{"line":73,"column":33},"end":{"line":73,"column":34}},"loc":{"start":{"line":73,"column":45},"end":{"line":115,"column":17}},"line":73},"16":{"name":"(anonymous_16)","decl":{"start":{"line":74,"column":31},"end":{"line":74,"column":32}},"loc":{"start":{"line":74,"column":37},"end":{"line":82,"column":21}},"line":74},"17":{"name":"(anonymous_17)","decl":{"start":{"line":83,"column":70},"end":{"line":83,"column":71}},"loc":{"start":{"line":83,"column":82},"end":{"line":114,"column":21}},"line":83},"18":{"name":"(anonymous_18)","decl":{"start":{"line":84,"column":47},"end":{"line":84,"column":48}},"loc":{"start":{"line":84,"column":59},"end":{"line":89,"column":25}},"line":84},"19":{"name":"(anonymous_19)","decl":{"start":{"line":90,"column":40},"end":{"line":90,"column":41}},"loc":{"start":{"line":90,"column":52},"end":{"line":95,"column":25}},"line":90},"20":{"name":"(anonymous_20)","decl":{"start":{"line":96,"column":49},"end":{"line":96,"column":50}},"loc":{"start":{"line":96,"column":61},"end":{"line":101,"column":25}},"line":96},"21":{"name":"(anonymous_21)","decl":{"start":{"line":102,"column":37},"end":{"line":102,"column":38}},"loc":{"start":{"line":102,"column":49},"end":{"line":107,"column":25}},"line":102},"22":{"name":"(anonymous_22)","decl":{"start":{"line":108,"column":42},"end":{"line":108,"column":43}},"loc":{"start":{"line":108,"column":54},"end":{"line":113,"column":25}},"line":108},"23":{"name":"(anonymous_23)","decl":{"start":{"line":116,"column":42},"end":{"line":116,"column":43}},"loc":{"start":{"line":116,"column":54},"end":{"line":170,"column":17}},"line":116},"24":{"name":"(anonymous_24)","decl":{"start":{"line":117,"column":31},"end":{"line":117,"column":32}},"loc":{"start":{"line":117,"column":37},"end":{"line":125,"column":21}},"line":117},"25":{"name":"(anonymous_25)","decl":{"start":{"line":126,"column":70},"end":{"line":126,"column":71}},"loc":{"start":{"line":126,"column":82},"end":{"line":169,"column":21}},"line":126},"26":{"name":"(anonymous_26)","decl":{"start":{"line":127,"column":52},"end":{"line":127,"column":53}},"loc":{"start":{"line":127,"column":64},"end":{"line":144,"column":25}},"line":127},"27":{"name":"(anonymous_27)","decl":{"start":{"line":128,"column":46},"end":{"line":128,"column":47}},"loc":{"start":{"line":128,"column":58},"end":{"line":133,"column":29}},"line":128},"28":{"name":"(anonymous_28)","decl":{"start":{"line":134,"column":55},"end":{"line":134,"column":56}},"loc":{"start":{"line":134,"column":67},"end":{"line":143,"column":29}},"line":134},"29":{"name":"(anonymous_29)","decl":{"start":{"line":145,"column":40},"end":{"line":145,"column":41}},"loc":{"start":{"line":145,"column":52},"end":{"line":150,"column":25}},"line":145},"30":{"name":"(anonymous_30)","decl":{"start":{"line":151,"column":49},"end":{"line":151,"column":50}},"loc":{"start":{"line":151,"column":61},"end":{"line":156,"column":25}},"line":151},"31":{"name":"(anonymous_31)","decl":{"start":{"line":157,"column":37},"end":{"line":157,"column":38}},"loc":{"start":{"line":157,"column":49},"end":{"line":162,"column":25}},"line":157},"32":{"name":"(anonymous_32)","decl":{"start":{"line":163,"column":42},"end":{"line":163,"column":43}},"loc":{"start":{"line":163,"column":54},"end":{"line":168,"column":25}},"line":163},"33":{"name":"(anonymous_33)","decl":{"start":{"line":171,"column":43},"end":{"line":171,"column":44}},"loc":{"start":{"line":171,"column":55},"end":{"line":212,"column":17}},"line":171},"34":{"name":"(anonymous_34)","decl":{"start":{"line":172,"column":31},"end":{"line":172,"column":32}},"loc":{"start":{"line":172,"column":37},"end":{"line":179,"column":21}},"line":172},"35":{"name":"(anonymous_35)","decl":{"start":{"line":180,"column":70},"end":{"line":180,"column":71}},"loc":{"start":{"line":180,"column":82},"end":{"line":211,"column":21}},"line":180},"36":{"name":"(anonymous_36)","decl":{"start":{"line":181,"column":47},"end":{"line":181,"column":48}},"loc":{"start":{"line":181,"column":59},"end":{"line":186,"column":25}},"line":181},"37":{"name":"(anonymous_37)","decl":{"start":{"line":187,"column":41},"end":{"line":187,"column":42}},"loc":{"start":{"line":187,"column":53},"end":{"line":192,"column":25}},"line":187},"38":{"name":"(anonymous_38)","decl":{"start":{"line":193,"column":49},"end":{"line":193,"column":50}},"loc":{"start":{"line":193,"column":61},"end":{"line":198,"column":25}},"line":193},"39":{"name":"(anonymous_39)","decl":{"start":{"line":199,"column":37},"end":{"line":199,"column":38}},"loc":{"start":{"line":199,"column":49},"end":{"line":204,"column":25}},"line":199},"40":{"name":"(anonymous_40)","decl":{"start":{"line":205,"column":42},"end":{"line":205,"column":43}},"loc":{"start":{"line":205,"column":54},"end":{"line":210,"column":25}},"line":205},"41":{"name":"(anonymous_41)","decl":{"start":{"line":215,"column":53},"end":{"line":215,"column":54}},"loc":{"start":{"line":215,"column":65},"end":{"line":233,"column":9}},"line":215},"42":{"name":"(anonymous_42)","decl":{"start":{"line":217,"column":23},"end":{"line":217,"column":24}},"loc":{"start":{"line":217,"column":29},"end":{"line":222,"column":13}},"line":217},"43":{"name":"(anonymous_43)","decl":{"start":{"line":223,"column":54},"end":{"line":223,"column":55}},"loc":{"start":{"line":223,"column":66},"end":{"line":226,"column":13}},"line":223},"44":{"name":"(anonymous_44)","decl":{"start":{"line":227,"column":68},"end":{"line":227,"column":69}},"loc":{"start":{"line":227,"column":80},"end":{"line":232,"column":13}},"line":227},"45":{"name":"(anonymous_45)","decl":{"start":{"line":234,"column":52},"end":{"line":234,"column":53}},"loc":{"start":{"line":234,"column":64},"end":{"line":281,"column":9}},"line":234},"46":{"name":"(anonymous_46)","decl":{"start":{"line":237,"column":23},"end":{"line":237,"column":24}},"loc":{"start":{"line":237,"column":29},"end":{"line":243,"column":13}},"line":237},"47":{"name":"(anonymous_47)","decl":{"start":{"line":244,"column":51},"end":{"line":244,"column":52}},"loc":{"start":{"line":244,"column":63},"end":{"line":247,"column":13}},"line":244},"48":{"name":"(anonymous_48)","decl":{"start":{"line":248,"column":52},"end":{"line":248,"column":53}},"loc":{"start":{"line":248,"column":64},"end":{"line":253,"column":13}},"line":248},"49":{"name":"(anonymous_49)","decl":{"start":{"line":254,"column":68},"end":{"line":254,"column":69}},"loc":{"start":{"line":254,"column":80},"end":{"line":260,"column":13}},"line":254},"50":{"name":"(anonymous_50)","decl":{"start":{"line":261,"column":69},"end":{"line":261,"column":70}},"loc":{"start":{"line":261,"column":81},"end":{"line":268,"column":13}},"line":261},"51":{"name":"(anonymous_51)","decl":{"start":{"line":269,"column":66},"end":{"line":269,"column":67}},"loc":{"start":{"line":269,"column":78},"end":{"line":274,"column":13}},"line":269},"52":{"name":"(anonymous_52)","decl":{"start":{"line":275,"column":71},"end":{"line":275,"column":72}},"loc":{"start":{"line":275,"column":83},"end":{"line":280,"column":13}},"line":275},"53":{"name":"(anonymous_53)","decl":{"start":{"line":282,"column":48},"end":{"line":282,"column":49}},"loc":{"start":{"line":282,"column":60},"end":{"line":297,"column":9}},"line":282},"54":{"name":"(anonymous_54)","decl":{"start":{"line":284,"column":23},"end":{"line":284,"column":24}},"loc":{"start":{"line":284,"column":29},"end":{"line":287,"column":13}},"line":284},"55":{"name":"(anonymous_55)","decl":{"start":{"line":288,"column":84},"end":{"line":288,"column":85}},"loc":{"start":{"line":288,"column":96},"end":{"line":291,"column":13}},"line":288},"56":{"name":"(anonymous_56)","decl":{"start":{"line":292,"column":90},"end":{"line":292,"column":91}},"loc":{"start":{"line":292,"column":102},"end":{"line":296,"column":13}},"line":292},"57":{"name":"(anonymous_57)","decl":{"start":{"line":298,"column":52},"end":{"line":298,"column":53}},"loc":{"start":{"line":298,"column":64},"end":{"line":308,"column":9}},"line":298},"58":{"name":"(anonymous_58)","decl":{"start":{"line":300,"column":23},"end":{"line":300,"column":24}},"loc":{"start":{"line":300,"column":29},"end":{"line":303,"column":13}},"line":300},"59":{"name":"(anonymous_59)","decl":{"start":{"line":304,"column":56},"end":{"line":304,"column":57}},"loc":{"start":{"line":304,"column":68},"end":{"line":307,"column":13}},"line":304}},"branchMap":{},"s":{"0":1,"1":1,"2":1,"3":1,"4":1,"5":1,"6":1,"7":1,"8":1,"9":1,"10":1,"11":32,"12":32,"13":1,"14":32,"15":1,"16":1,"17":1,"18":21,"19":1,"20":1,"21":5,"22":5,"23":5,"24":5,"25":1,"26":1,"27":1,"28":1,"29":1,"30":1,"31":1,"32":1,"33":1,"34":1,"35":1,"36":1,"37":1,"38":1,"39":1,"40":1,"41":1,"42":1,"43":1,"44":1,"45":1,"46":1,"47":1,"48":1,"49":1,"50":1,"51":1,"52":1,"53":5,"54":5,"55":5,"56":5,"57":5,"58":1,"59":1,"60":1,"61":1,"62":1,"63":1,"64":1,"65":1,"66":1,"67":1,"68":1,"69":1,"70":1,"71":1,"72":1,"73":1,"74":1,"75":1,"76":1,"77":1,"78":1,"79":1,"80":1,"81":1,"82":1,"83":1,"84":1,"85":1,"86":6,"87":6,"88":6,"89":6,"90":6,"91":1,"92":1,"93":1,"94":1,"95":1,"96":1,"97":1,"98":1,"99":1,"100":1,"101":1,"102":1,"103":1,"104":1,"105":1,"106":1,"107":1,"108":1,"109":1,"110":1,"111":1,"112":1,"113":1,"114":1,"115":1,"116":1,"117":1,"118":1,"119":1,"120":1,"121":1,"122":1,"123":1,"124":1,"125":1,"126":1,"127":5,"128":5,"129":5,"130":1,"131":1,"132":1,"133":1,"134":1,"135":1,"136":1,"137":1,"138":1,"139":1,"140":1,"141":1,"142":1,"143":1,"144":1,"145":1,"146":1,"147":1,"148":1,"149":1,"150":1,"151":1,"152":1,"153":1,"154":1,"155":1,"156":1,"157":1,"158":2,"159":2,"160":1,"161":1,"162":1,"163":1,"164":1,"165":1,"166":1,"167":1,"168":1,"169":1,"170":6,"171":6,"172":6,"173":1,"174":1,"175":1,"176":1,"177":1,"178":1,"179":1,"180":1,"181":1,"182":1,"183":1,"184":1,"185":1,"186":1,"187":1,"188":1,"189":1,"190":1,"191":1,"192":1,"193":1,"194":1,"195":1,"196":1,"197":1,"198":1,"199":1,"200":1,"201":1,"202":1,"203":1,"204":1,"205":1,"206":2,"207":2,"208":1,"209":1,"210":1,"211":1,"212":1,"213":1,"214":1,"215":1,"216":1,"217":1,"218":1,"219":1,"220":1,"221":1},"f":{"0":1,"1":1,"2":32,"3":32,"4":1,"5":1,"6":21,"7":1,"8":5,"9":1,"10":1,"11":1,"12":1,"13":1,"14":1,"15":1,"16":5,"17":1,"18":1,"19":1,"20":1,"21":1,"22":1,"23":1,"24":6,"25":1,"26":1,"27":1,"28":1,"29":1,"30":1,"31":1,"32":1,"33":1,"34":5,"35":1,"36":1,"37":1,"38":1,"39":1,"40":1,"41":1,"42":2,"43":1,"44":1,"45":1,"46":6,"47":1,"48":1,"49":1,"50":1,"51":1,"52":1,"53":1,"54":2,"55":1,"56":1,"57":1,"58":1,"59":1},"b":{},"_coverageSchema":"43e27e138ebf9cfc5966b082cf9a028302ed4184","hash":"1b0dad8f2f1630ef8bdd5895594b3745f1b5f590","contentHash":"63141d06bcb771829637c986c691415c752c911c1afb0b492ec09d405a49a53b"},"d:\\qaf_jar\\vs-icon\\qasOut\\src\\cleanUp\\index.js":{"path":"d:\\qaf_jar\\vs-icon\\qasOut\\src\\cleanUp\\index.js","statementMap":{"0":{"start":{"line":2,"column":0},"end":{"line":2,"column":62}},"1":{"start":{"line":3,"column":13},"end":{"line":3,"column":26}},"2":{"start":{"line":4,"column":20},"end":{"line":4,"column":43}},"3":{"start":{"line":5,"column":16},"end":{"line":5,"column":35}},"4":{"start":{"line":6,"column":23},"end":{"line":6,"column":49}},"5":{"start":{"line":8,"column":26},"end":{"line":16,"column":33}},"6":{"start":{"line":18,"column":27},"end":{"line":33,"column":5}},"7":{"start":{"line":19,"column":8},"end":{"line":21,"column":9}},"8":{"start":{"line":20,"column":12},"end":{"line":20,"column":29}},"9":{"start":{"line":23,"column":8},"end":{"line":31,"column":9}},"10":{"start":{"line":25,"column":35},"end":{"line":25,"column":127}},"11":{"start":{"line":26,"column":16},"end":{"line":26,"column":79}},"12":{"start":{"line":27,"column":16},"end":{"line":27,"column":22}},"13":{"start":{"line":29,"column":16},"end":{"line":29,"column":33}},"14":{"start":{"line":30,"column":16},"end":{"line":30,"column":22}},"15":{"start":{"line":32,"column":8},"end":{"line":32,"column":69}},"16":{"start":{"line":34,"column":20},"end":{"line":34,"column":91}},"17":{"start":{"line":35,"column":4},"end":{"line":35,"column":64}},"18":{"start":{"line":37,"column":0},"end":{"line":37,"column":40}},"19":{"start":{"line":39,"column":4},"end":{"line":42,"column":46}},"20":{"start":{"line":40,"column":20},"end":{"line":40,"column":34}},"21":{"start":{"line":41,"column":23},"end":{"line":41,"column":47}},"22":{"start":{"line":42,"column":24},"end":{"line":42,"column":44}},"23":{"start":{"line":44,"column":0},"end":{"line":44,"column":54}},"24":{"start":{"line":46,"column":4},"end":{"line":48,"column":5}},"25":{"start":{"line":47,"column":8},"end":{"line":47,"column":71}},"26":{"start":{"line":50,"column":0},"end":{"line":50,"column":46}},"27":{"start":{"line":52,"column":25},"end":{"line":55,"column":5}},"28":{"start":{"line":53,"column":25},"end":{"line":53,"column":57}},"29":{"start":{"line":54,"column":8},"end":{"line":54,"column":105}},"30":{"start":{"line":54,"column":60},"end":{"line":54,"column":103}},"31":{"start":{"line":56,"column":28},"end":{"line":68,"column":5}},"32":{"start":{"line":57,"column":8},"end":{"line":60,"column":9}},"33":{"start":{"line":58,"column":12},"end":{"line":58,"column":62}},"34":{"start":{"line":59,"column":12},"end":{"line":59,"column":19}},"35":{"start":{"line":61,"column":25},"end":{"line":61,"column":51}},"36":{"start":{"line":62,"column":8},"end":{"line":64,"column":9}},"37":{"start":{"line":63,"column":12},"end":{"line":63,"column":19}},"38":{"start":{"line":65,"column":8},"end":{"line":65,"column":40}},"39":{"start":{"line":66,"column":8},"end":{"line":66,"column":36}},"40":{"start":{"line":67,"column":8},"end":{"line":67,"column":31}},"41":{"start":{"line":69,"column":29},"end":{"line":69,"column":93}},"42":{"start":{"line":70,"column":4},"end":{"line":70,"column":61}},"43":{"start":{"line":72,"column":0},"end":{"line":72,"column":54}},"44":{"start":{"line":74,"column":38},"end":{"line":74,"column":134}},"45":{"start":{"line":75,"column":4},"end":{"line":75,"column":97}},"46":{"start":{"line":75,"column":52},"end":{"line":75,"column":95}},"47":{"start":{"line":77,"column":0},"end":{"line":77,"column":56}}},"fnMap":{"0":{"name":"getAppUserPath","decl":{"start":{"line":7,"column":9},"end":{"line":7,"column":23}},"loc":{"start":{"line":7,"column":33},"end":{"line":36,"column":1}},"line":7},"1":{"name":"(anonymous_1)","decl":{"start":{"line":18,"column":27},"end":{"line":18,"column":28}},"loc":{"start":{"line":18,"column":33},"end":{"line":33,"column":5}},"line":18},"2":{"name":"removeVSIconsSettings","decl":{"start":{"line":38,"column":9},"end":{"line":38,"column":30}},"loc":{"start":{"line":38,"column":41},"end":{"line":43,"column":1}},"line":38},"3":{"name":"(anonymous_3)","decl":{"start":{"line":40,"column":13},"end":{"line":40,"column":14}},"loc":{"start":{"line":40,"column":20},"end":{"line":40,"column":34}},"line":40},"4":{"name":"(anonymous_4)","decl":{"start":{"line":41,"column":16},"end":{"line":41,"column":17}},"loc":{"start":{"line":41,"column":23},"end":{"line":41,"column":47}},"line":41},"5":{"name":"(anonymous_5)","decl":{"start":{"line":42,"column":17},"end":{"line":42,"column":18}},"loc":{"start":{"line":42,"column":24},"end":{"line":42,"column":44}},"line":42},"6":{"name":"resetThemeSetting","decl":{"start":{"line":45,"column":9},"end":{"line":45,"column":26}},"loc":{"start":{"line":45,"column":37},"end":{"line":49,"column":1}},"line":45},"7":{"name":"cleanUpVSCodeSettings","decl":{"start":{"line":51,"column":9},"end":{"line":51,"column":30}},"loc":{"start":{"line":51,"column":33},"end":{"line":71,"column":1}},"line":51},"8":{"name":"(anonymous_8)","decl":{"start":{"line":52,"column":25},"end":{"line":52,"column":26}},"loc":{"start":{"line":52,"column":36},"end":{"line":55,"column":5}},"line":52},"9":{"name":"(anonymous_9)","decl":{"start":{"line":54,"column":51},"end":{"line":54,"column":52}},"loc":{"start":{"line":54,"column":60},"end":{"line":54,"column":103}},"line":54},"10":{"name":"(anonymous_10)","decl":{"start":{"line":56,"column":28},"end":{"line":56,"column":29}},"loc":{"start":{"line":56,"column":48},"end":{"line":68,"column":5}},"line":56},"11":{"name":"cleanUpVSIconsSettings","decl":{"start":{"line":73,"column":9},"end":{"line":73,"column":31}},"loc":{"start":{"line":73,"column":34},"end":{"line":76,"column":1}},"line":73},"12":{"name":"(anonymous_12)","decl":{"start":{"line":75,"column":43},"end":{"line":75,"column":44}},"loc":{"start":{"line":75,"column":52},"end":{"line":75,"column":95}},"line":75}},"branchMap":{"0":{"loc":{"start":{"line":8,"column":26},"end":{"line":16,"column":33}},"type":"cond-expr","locations":[{"start":{"line":9,"column":10},"end":{"line":9,"column":15}},{"start":{"line":10,"column":10},"end":{"line":16,"column":33}}],"line":8},"1":{"loc":{"start":{"line":10,"column":10},"end":{"line":16,"column":33}},"type":"cond-expr","locations":[{"start":{"line":11,"column":14},"end":{"line":11,"column":26}},{"start":{"line":12,"column":14},"end":{"line":16,"column":33}}],"line":10},"2":{"loc":{"start":{"line":12,"column":14},"end":{"line":16,"column":33}},"type":"cond-expr","locations":[{"start":{"line":13,"column":18},"end":{"line":13,"column":35}},{"start":{"line":14,"column":18},"end":{"line":16,"column":33}}],"line":12},"3":{"loc":{"start":{"line":14,"column":18},"end":{"line":16,"column":33}},"type":"cond-expr","locations":[{"start":{"line":15,"column":22},"end":{"line":15,"column":28}},{"start":{"line":16,"column":22},"end":{"line":16,"column":33}}],"line":14},"4":{"loc":{"start":{"line":19,"column":8},"end":{"line":21,"column":9}},"type":"if","locations":[{"start":{"line":19,"column":8},"end":{"line":21,"column":9}},{"start":{"line":19,"column":8},"end":{"line":21,"column":9}}],"line":19},"5":{"loc":{"start":{"line":23,"column":8},"end":{"line":31,"column":9}},"type":"switch","locations":[{"start":{"line":24,"column":12},"end":{"line":27,"column":22}},{"start":{"line":28,"column":12},"end":{"line":30,"column":22}}],"line":23},"6":{"loc":{"start":{"line":26,"column":34},"end":{"line":26,"column":63}},"type":"cond-expr","locations":[{"start":{"line":26,"column":47},"end":{"line":26,"column":58}},{"start":{"line":26,"column":61},"end":{"line":26,"column":63}}],"line":26},"7":{"loc":{"start":{"line":34,"column":20},"end":{"line":34,"column":91}},"type":"binary-expr","locations":[{"start":{"line":34,"column":20},"end":{"line":34,"column":47}},{"start":{"line":34,"column":51},"end":{"line":34,"column":67}},{"start":{"line":34,"column":71},"end":{"line":34,"column":91}}],"line":34},"8":{"loc":{"start":{"line":46,"column":4},"end":{"line":48,"column":5}},"type":"if","locations":[{"start":{"line":46,"column":4},"end":{"line":48,"column":5}},{"start":{"line":46,"column":4},"end":{"line":48,"column":5}}],"line":46},"9":{"loc":{"start":{"line":57,"column":8},"end":{"line":60,"column":9}},"type":"if","locations":[{"start":{"line":57,"column":8},"end":{"line":60,"column":9}},{"start":{"line":57,"column":8},"end":{"line":60,"column":9}}],"line":57},"10":{"loc":{"start":{"line":62,"column":8},"end":{"line":64,"column":9}},"type":"if","locations":[{"start":{"line":62,"column":8},"end":{"line":64,"column":9}},{"start":{"line":62,"column":8},"end":{"line":64,"column":9}}],"line":62}},"s":{"0":1,"1":1,"2":1,"3":1,"4":1,"5":29,"6":29,"7":29,"8":16,"9":13,"10":2,"11":2,"12":2,"13":11,"14":11,"15":13,"16":29,"17":29,"18":1,"19":3,"20":4,"21":4,"22":3,"23":1,"24":4,"25":1,"26":1,"27":6,"28":2,"29":2,"30":1,"31":6,"32":5,"33":1,"34":1,"35":4,"36":4,"37":2,"38":2,"39":2,"40":2,"41":6,"42":6,"43":1,"44":2,"45":2,"46":1,"47":1},"f":{"0":29,"1":29,"2":3,"3":4,"4":4,"5":3,"6":4,"7":6,"8":2,"9":1,"10":5,"11":2,"12":1},"b":{"0":[4,25],"1":[4,21],"2":[4,17],"3":[4,13],"4":[16,13],"5":[2,11],"6":[1,1],"7":[29,29,16],"8":[1,3],"9":[1,4],"10":[2,2]},"_coverageSchema":"43e27e138ebf9cfc5966b082cf9a028302ed4184","hash":"87e3b359a9dcaebc1dab23d274e458bd4284c5c2","contentHash":"60d2a2753718bf5c417f6c0ce106ba4d8391d73698872dbe7cad0378bc7846b2"},"d:\\qaf_jar\\vs-icon\\qasOut\\src\\constants\\index.js":{"path":"d:\\qaf_jar\\vs-icon\\qasOut\\src\\constants\\index.js","statementMap":{"0":{"start":{"line":2,"column":0},"end":{"line":2,"column":62}},"1":{"start":{"line":3,"column":0},"end":{"line":18,"column":2}}},"fnMap":{},"branchMap":{},"s":{"0":1,"1":1},"f":{},"b":{},"_coverageSchema":"43e27e138ebf9cfc5966b082cf9a028302ed4184","hash":"19ba66ca13b73f53d73e764c677fe49fc591aebc","contentHash":"1bcdb6e209db504b7d6e6619e04f8b7401c244216643df6b85b5115a9af5b91d"},"d:\\qaf_jar\\vs-icon\\qasOut\\src\\utils\\index.js":{"path":"d:\\qaf_jar\\vs-icon\\qasOut\\src\\utils\\index.js","statementMap":{"0":{"start":{"line":2,"column":0},"end":{"line":2,"column":62}},"1":{"start":{"line":3,"column":11},"end":{"line":3,"column":24}},"2":{"start":{"line":4,"column":13},"end":{"line":4,"column":28}},"3":{"start":{"line":5,"column":11},"end":{"line":5,"column":24}},"4":{"start":{"line":6,"column":17},"end":{"line":6,"column":37}},"5":{"start":{"line":7,"column":0},"end":{"line":11,"column":2}},"6":{"start":{"line":13,"column":4},"end":{"line":13,"column":37}},"7":{"start":{"line":15,"column":0},"end":{"line":15,"column":36}},"8":{"start":{"line":17,"column":4},"end":{"line":26,"column":5}},"9":{"start":{"line":19,"column":12},"end":{"line":19,"column":65}},"10":{"start":{"line":21,"column":12},"end":{"line":21,"column":45}},"11":{"start":{"line":23,"column":12},"end":{"line":23,"column":39}},"12":{"start":{"line":25,"column":12},"end":{"line":25,"column":32}},"13":{"start":{"line":28,"column":0},"end":{"line":28,"column":32}},"14":{"start":{"line":30,"column":4},"end":{"line":30,"column":23}},"15":{"start":{"line":32,"column":0},"end":{"line":32,"column":28}},"16":{"start":{"line":34,"column":4},"end":{"line":34,"column":99}},"17":{"start":{"line":36,"column":0},"end":{"line":36,"column":48}},"18":{"start":{"line":43,"column":4},"end":{"line":49,"column":55}},"19":{"start":{"line":44,"column":23},"end":{"line":44,"column":56}},"20":{"start":{"line":45,"column":8},"end":{"line":47,"column":9}},"21":{"start":{"line":46,"column":12},"end":{"line":46,"column":33}},"22":{"start":{"line":48,"column":8},"end":{"line":48,"column":22}},"23":{"start":{"line":51,"column":0},"end":{"line":51,"column":64}},"24":{"start":{"line":58,"column":4},"end":{"line":71,"column":5}},"25":{"start":{"line":59,"column":8},"end":{"line":69,"column":11}},"26":{"start":{"line":60,"column":28},"end":{"line":60,"column":48}},"27":{"start":{"line":61,"column":12},"end":{"line":68,"column":13}},"28":{"start":{"line":63,"column":16},"end":{"line":63,"column":52}},"29":{"start":{"line":67,"column":16},"end":{"line":67,"column":39}},"30":{"start":{"line":70,"column":8},"end":{"line":70,"column":30}},"31":{"start":{"line":73,"column":0},"end":{"line":73,"column":64}},"32":{"start":{"line":81,"column":4},"end":{"line":86,"column":5}},"33":{"start":{"line":82,"column":8},"end":{"line":82,"column":32}},"34":{"start":{"line":85,"column":8},"end":{"line":85,"column":20}},"35":{"start":{"line":88,"column":0},"end":{"line":88,"column":30}},"36":{"start":{"line":90,"column":4},"end":{"line":92,"column":5}},"37":{"start":{"line":91,"column":8},"end":{"line":91,"column":52}},"38":{"start":{"line":93,"column":4},"end":{"line":95,"column":5}},"39":{"start":{"line":94,"column":8},"end":{"line":94,"column":50}},"40":{"start":{"line":96,"column":4},"end":{"line":98,"column":5}},"41":{"start":{"line":97,"column":8},"end":{"line":97,"column":63}},"42":{"start":{"line":99,"column":4},"end":{"line":102,"column":21}},"43":{"start":{"line":104,"column":0},"end":{"line":104,"column":42}},"44":{"start":{"line":106,"column":4},"end":{"line":106,"column":71}},"45":{"start":{"line":108,"column":0},"end":{"line":108,"column":40}},"46":{"start":{"line":110,"column":25},"end":{"line":110,"column":53}},"47":{"start":{"line":111,"column":4},"end":{"line":111,"column":25}},"48":{"start":{"line":113,"column":0},"end":{"line":113,"column":46}},"49":{"start":{"line":115,"column":25},"end":{"line":115,"column":61}},"50":{"start":{"line":116,"column":4},"end":{"line":116,"column":40}},"51":{"start":{"line":118,"column":0},"end":{"line":118,"column":40}},"52":{"start":{"line":120,"column":15},"end":{"line":120,"column":39}},"53":{"start":{"line":121,"column":4},"end":{"line":121,"column":49}},"54":{"start":{"line":121,"column":26},"end":{"line":121,"column":47}},"55":{"start":{"line":123,"column":0},"end":{"line":123,"column":30}},"56":{"start":{"line":125,"column":26},"end":{"line":134,"column":5}},"57":{"start":{"line":126,"column":8},"end":{"line":128,"column":9}},"58":{"start":{"line":127,"column":12},"end":{"line":127,"column":25}},"59":{"start":{"line":129,"column":24},"end":{"line":129,"column":44}},"60":{"start":{"line":130,"column":25},"end":{"line":130,"column":47}},"61":{"start":{"line":131,"column":25},"end":{"line":131,"column":84}},"62":{"start":{"line":132,"column":24},"end":{"line":132,"column":51}},"63":{"start":{"line":133,"column":8},"end":{"line":133,"column":60}},"64":{"start":{"line":135,"column":21},"end":{"line":139,"column":5}},"65":{"start":{"line":136,"column":8},"end":{"line":138,"column":66}},"66":{"start":{"line":136,"column":58},"end":{"line":138,"column":63}},"67":{"start":{"line":140,"column":4},"end":{"line":140,"column":47}},"68":{"start":{"line":142,"column":0},"end":{"line":142,"column":26}},"69":{"start":{"line":144,"column":4},"end":{"line":146,"column":5}},"70":{"start":{"line":145,"column":8},"end":{"line":145,"column":45}},"71":{"start":{"line":147,"column":4},"end":{"line":147,"column":64}},"72":{"start":{"line":147,"column":40},"end":{"line":147,"column":62}},"73":{"start":{"line":149,"column":0},"end":{"line":149,"column":52}},"74":{"start":{"line":151,"column":4},"end":{"line":151,"column":124}},"75":{"start":{"line":151,"column":48},"end":{"line":151,"column":118}},"76":{"start":{"line":151,"column":84},"end":{"line":151,"column":116}},"77":{"start":{"line":153,"column":0},"end":{"line":153,"column":26}}},"fnMap":{"0":{"name":"pathUnixJoin","decl":{"start":{"line":12,"column":9},"end":{"line":12,"column":21}},"loc":{"start":{"line":12,"column":32},"end":{"line":14,"column":1}},"line":12},"1":{"name":"vscodePath","decl":{"start":{"line":16,"column":9},"end":{"line":16,"column":19}},"loc":{"start":{"line":16,"column":22},"end":{"line":27,"column":1}},"line":16},"2":{"name":"tempPath","decl":{"start":{"line":29,"column":9},"end":{"line":29,"column":17}},"loc":{"start":{"line":29,"column":20},"end":{"line":31,"column":1}},"line":29},"3":{"name":"fileFormatToString","decl":{"start":{"line":33,"column":9},"end":{"line":33,"column":27}},"loc":{"start":{"line":33,"column":39},"end":{"line":35,"column":1}},"line":33},"4":{"name":"createDirectoryRecursively","decl":{"start":{"line":42,"column":9},"end":{"line":42,"column":35}},"loc":{"start":{"line":42,"column":45},"end":{"line":50,"column":1}},"line":42},"5":{"name":"(anonymous_5)","decl":{"start":{"line":43,"column":41},"end":{"line":43,"column":42}},"loc":{"start":{"line":43,"column":66},"end":{"line":49,"column":5}},"line":43},"6":{"name":"deleteDirectoryRecursively","decl":{"start":{"line":57,"column":9},"end":{"line":57,"column":35}},"loc":{"start":{"line":57,"column":45},"end":{"line":72,"column":1}},"line":57},"7":{"name":"(anonymous_7)","decl":{"start":{"line":59,"column":40},"end":{"line":59,"column":41}},"loc":{"start":{"line":59,"column":48},"end":{"line":69,"column":9}},"line":59},"8":{"name":"parseJSON","decl":{"start":{"line":80,"column":9},"end":{"line":80,"column":18}},"loc":{"start":{"line":80,"column":25},"end":{"line":87,"column":1}},"line":80},"9":{"name":"getRelativePath","decl":{"start":{"line":89,"column":9},"end":{"line":89,"column":24}},"loc":{"start":{"line":89,"column":72},"end":{"line":103,"column":1}},"line":89},"10":{"name":"removeFirstDot","decl":{"start":{"line":105,"column":9},"end":{"line":105,"column":23}},"loc":{"start":{"line":105,"column":29},"end":{"line":107,"column":1}},"line":105},"11":{"name":"belongToSameDrive","decl":{"start":{"line":109,"column":9},"end":{"line":109,"column":26}},"loc":{"start":{"line":109,"column":41},"end":{"line":112,"column":1}},"line":109},"12":{"name":"overwriteDrive","decl":{"start":{"line":114,"column":9},"end":{"line":114,"column":23}},"loc":{"start":{"line":114,"column":46},"end":{"line":117,"column":1}},"line":114},"13":{"name":"getDrives","decl":{"start":{"line":119,"column":9},"end":{"line":119,"column":18}},"loc":{"start":{"line":119,"column":29},"end":{"line":122,"column":1}},"line":119},"14":{"name":"(anonymous_14)","decl":{"start":{"line":121,"column":21},"end":{"line":121,"column":22}},"loc":{"start":{"line":121,"column":26},"end":{"line":121,"column":47}},"line":121},"15":{"name":"flatten","decl":{"start":{"line":124,"column":9},"end":{"line":124,"column":16}},"loc":{"start":{"line":124,"column":39},"end":{"line":141,"column":1}},"line":124},"16":{"name":"(anonymous_16)","decl":{"start":{"line":125,"column":26},"end":{"line":125,"column":27}},"loc":{"start":{"line":125,"column":37},"end":{"line":134,"column":5}},"line":125},"17":{"name":"(anonymous_17)","decl":{"start":{"line":135,"column":21},"end":{"line":135,"column":22}},"loc":{"start":{"line":135,"column":44},"end":{"line":139,"column":5}},"line":135},"18":{"name":"(anonymous_18)","decl":{"start":{"line":136,"column":51},"end":{"line":136,"column":52}},"loc":{"start":{"line":136,"column":58},"end":{"line":138,"column":63}},"line":136},"19":{"name":"getEnumMemberByValue","decl":{"start":{"line":143,"column":9},"end":{"line":143,"column":29}},"loc":{"start":{"line":143,"column":46},"end":{"line":148,"column":1}},"line":143},"20":{"name":"(anonymous_20)","decl":{"start":{"line":147,"column":33},"end":{"line":147,"column":34}},"loc":{"start":{"line":147,"column":40},"end":{"line":147,"column":62}},"line":147},"21":{"name":"combine","decl":{"start":{"line":150,"column":9},"end":{"line":150,"column":16}},"loc":{"start":{"line":150,"column":50},"end":{"line":152,"column":1}},"line":150},"22":{"name":"(anonymous_22)","decl":{"start":{"line":151,"column":25},"end":{"line":151,"column":26}},"loc":{"start":{"line":151,"column":48},"end":{"line":151,"column":118}},"line":151},"23":{"name":"(anonymous_23)","decl":{"start":{"line":151,"column":75},"end":{"line":151,"column":76}},"loc":{"start":{"line":151,"column":84},"end":{"line":151,"column":116}},"line":151}},"branchMap":{"0":{"loc":{"start":{"line":17,"column":4},"end":{"line":26,"column":5}},"type":"switch","locations":[{"start":{"line":18,"column":8},"end":{"line":19,"column":65}},{"start":{"line":20,"column":8},"end":{"line":21,"column":45}},{"start":{"line":22,"column":8},"end":{"line":23,"column":39}},{"start":{"line":24,"column":8},"end":{"line":25,"column":32}}],"line":17},"1":{"loc":{"start":{"line":34,"column":15},"end":{"line":34,"column":96}},"type":"cond-expr","locations":[{"start":{"line":34,"column":47},"end":{"line":34,"column":63}},{"start":{"line":34,"column":66},"end":{"line":34,"column":96}}],"line":34},"2":{"loc":{"start":{"line":45,"column":8},"end":{"line":47,"column":9}},"type":"if","locations":[{"start":{"line":45,"column":8},"end":{"line":47,"column":9}},{"start":{"line":45,"column":8},"end":{"line":47,"column":9}}],"line":45},"3":{"loc":{"start":{"line":49,"column":7},"end":{"line":49,"column":53}},"type":"cond-expr","locations":[{"start":{"line":49,"column":34},"end":{"line":49,"column":48}},{"start":{"line":49,"column":51},"end":{"line":49,"column":53}}],"line":49},"4":{"loc":{"start":{"line":58,"column":4},"end":{"line":71,"column":5}},"type":"if","locations":[{"start":{"line":58,"column":4},"end":{"line":71,"column":5}},{"start":{"line":58,"column":4},"end":{"line":71,"column":5}}],"line":58},"5":{"loc":{"start":{"line":61,"column":12},"end":{"line":68,"column":13}},"type":"if","locations":[{"start":{"line":61,"column":12},"end":{"line":68,"column":13}},{"start":{"line":61,"column":12},"end":{"line":68,"column":13}}],"line":61},"6":{"loc":{"start":{"line":89,"column":49},"end":{"line":89,"column":70}},"type":"default-arg","locations":[{"start":{"line":89,"column":66},"end":{"line":89,"column":70}}],"line":89},"7":{"loc":{"start":{"line":90,"column":4},"end":{"line":92,"column":5}},"type":"if","locations":[{"start":{"line":90,"column":4},"end":{"line":92,"column":5}},{"start":{"line":90,"column":4},"end":{"line":92,"column":5}}],"line":90},"8":{"loc":{"start":{"line":93,"column":4},"end":{"line":95,"column":5}},"type":"if","locations":[{"start":{"line":93,"column":4},"end":{"line":95,"column":5}},{"start":{"line":93,"column":4},"end":{"line":95,"column":5}}],"line":93},"9":{"loc":{"start":{"line":96,"column":4},"end":{"line":98,"column":5}},"type":"if","locations":[{"start":{"line":96,"column":4},"end":{"line":98,"column":5}},{"start":{"line":96,"column":4},"end":{"line":98,"column":5}}],"line":96},"10":{"loc":{"start":{"line":96,"column":8},"end":{"line":96,"column":51}},"type":"binary-expr","locations":[{"start":{"line":96,"column":8},"end":{"line":96,"column":22}},{"start":{"line":96,"column":26},"end":{"line":96,"column":51}}],"line":96},"11":{"loc":{"start":{"line":106,"column":11},"end":{"line":106,"column":70}},"type":"cond-expr","locations":[{"start":{"line":106,"column":36},"end":{"line":106,"column":64}},{"start":{"line":106,"column":67},"end":{"line":106,"column":70}}],"line":106},"12":{"loc":{"start":{"line":121,"column":27},"end":{"line":121,"column":43}},"type":"binary-expr","locations":[{"start":{"line":121,"column":27},"end":{"line":121,"column":37}},{"start":{"line":121,"column":41},"end":{"line":121,"column":43}}],"line":121},"13":{"loc":{"start":{"line":124,"column":22},"end":{"line":124,"column":37}},"type":"default-arg","locations":[{"start":{"line":124,"column":34},"end":{"line":124,"column":37}}],"line":124},"14":{"loc":{"start":{"line":126,"column":8},"end":{"line":128,"column":9}},"type":"if","locations":[{"start":{"line":126,"column":8},"end":{"line":128,"column":9}},{"start":{"line":126,"column":8},"end":{"line":128,"column":9}}],"line":126},"15":{"loc":{"start":{"line":133,"column":15},"end":{"line":133,"column":59}},"type":"binary-expr","locations":[{"start":{"line":133,"column":15},"end":{"line":133,"column":23}},{"start":{"line":133,"column":27},"end":{"line":133,"column":36}},{"start":{"line":133,"column":40},"end":{"line":133,"column":48}},{"start":{"line":133,"column":52},"end":{"line":133,"column":59}}],"line":133},"16":{"loc":{"start":{"line":135,"column":29},"end":{"line":135,"column":39}},"type":"default-arg","locations":[{"start":{"line":135,"column":37},"end":{"line":135,"column":39}}],"line":135},"17":{"loc":{"start":{"line":136,"column":58},"end":{"line":138,"column":63}},"type":"cond-expr","locations":[{"start":{"line":137,"column":14},"end":{"line":137,"column":51}},{"start":{"line":138,"column":14},"end":{"line":138,"column":63}}],"line":136},"18":{"loc":{"start":{"line":144,"column":4},"end":{"line":146,"column":5}},"type":"if","locations":[{"start":{"line":144,"column":4},"end":{"line":146,"column":5}},{"start":{"line":144,"column":4},"end":{"line":146,"column":5}}],"line":144},"19":{"loc":{"start":{"line":150,"column":33},"end":{"line":150,"column":48}},"type":"default-arg","locations":[{"start":{"line":150,"column":45},"end":{"line":150,"column":48}}],"line":150}},"s":{"0":1,"1":1,"2":1,"3":1,"4":1,"5":1,"6":39399,"7":1,"8":147,"9":5,"10":5,"11":132,"12":5,"13":1,"14":3,"15":1,"16":8929,"17":1,"18":7,"19":20,"20":20,"21":10,"22":20,"23":1,"24":5,"25":5,"26":0,"27":0,"28":0,"29":0,"30":5,"31":1,"32":16,"33":16,"34":4,"35":1,"36":10925,"37":1,"38":10924,"39":1,"40":10923,"41":1,"42":10922,"43":1,"44":5700,"45":1,"46":16,"47":16,"48":1,"49":20,"50":20,"51":1,"52":40,"53":40,"54":77,"55":1,"56":4,"57":84,"58":49,"59":35,"60":35,"61":35,"62":35,"63":35,"64":4,"65":26,"66":84,"67":4,"68":1,"69":2,"70":1,"71":1,"72":1,"73":1,"74":316,"75":1187,"76":2976,"77":1},"f":{"0":39399,"1":147,"2":3,"3":8929,"4":7,"5":20,"6":5,"7":0,"8":16,"9":10925,"10":5700,"11":16,"12":20,"13":40,"14":77,"15":4,"16":84,"17":26,"18":84,"19":2,"20":1,"21":316,"22":1187,"23":2976},"b":{"0":[5,5,132,5],"1":[127,8802],"2":[10,10],"3":[1,6],"4":[5,0],"5":[0,0],"6":[110],"7":[1,10924],"8":[1,10923],"9":[1,10922],"10":[10923,108],"11":[1,5699],"12":[77,8],"13":[4],"14":[49,35],"15":[35,29,29,22],"16":[4],"17":[22,62],"18":[1,1],"19":[316]},"_coverageSchema":"43e27e138ebf9cfc5966b082cf9a028302ed4184","hash":"508d7c0a716d6b7fa48249be2e73e3b0499b4678","contentHash":"a0a53a752ba280d19aea0f31e2333e162a6dc45bd216eee568940618f4a2855e"},"d:\\qaf_jar\\vs-icon\\qasOut\\src\\models\\index.js":{"path":"d:\\qaf_jar\\vs-icon\\qasOut\\src\\models\\index.js","statementMap":{"0":{"start":{"line":3,"column":4},"end":{"line":3,"column":71}},"1":{"start":{"line":3,"column":21},"end":{"line":3,"column":71}},"2":{"start":{"line":3,"column":53},"end":{"line":3,"column":71}},"3":{"start":{"line":5,"column":0},"end":{"line":5,"column":62}},"4":{"start":{"line":6,"column":0},"end":{"line":6,"column":37}},"5":{"start":{"line":7,"column":0},"end":{"line":7,"column":34}},"6":{"start":{"line":8,"column":0},"end":{"line":8,"column":28}},"7":{"start":{"line":9,"column":0},"end":{"line":9,"column":39}},"8":{"start":{"line":10,"column":0},"end":{"line":10,"column":32}}},"fnMap":{"0":{"name":"__export","decl":{"start":{"line":2,"column":9},"end":{"line":2,"column":17}},"loc":{"start":{"line":2,"column":21},"end":{"line":4,"column":1}},"line":2}},"branchMap":{"0":{"loc":{"start":{"line":3,"column":21},"end":{"line":3,"column":71}},"type":"if","locations":[{"start":{"line":3,"column":21},"end":{"line":3,"column":71}},{"start":{"line":3,"column":21},"end":{"line":3,"column":71}}],"line":3}},"s":{"0":5,"1":6,"2":6,"3":1,"4":1,"5":1,"6":1,"7":1,"8":1},"f":{"0":5},"b":{"0":[6,0]},"_coverageSchema":"43e27e138ebf9cfc5966b082cf9a028302ed4184","hash":"4806a28717e3f774171f12cda2a4a51da7fc979e","contentHash":"83f27421f48b0f8c924a8bbe3c7eee55e8e06d529dd50788bd218cc6badbf396"},"d:\\qaf_jar\\vs-icon\\qasOut\\src\\models\\contributions\\index.js":{"path":"d:\\qaf_jar\\vs-icon\\qasOut\\src\\models\\contributions\\index.js","statementMap":{"0":{"start":{"line":3,"column":4},"end":{"line":3,"column":71}},"1":{"start":{"line":3,"column":21},"end":{"line":3,"column":71}},"2":{"start":{"line":3,"column":53},"end":{"line":3,"column":71}},"3":{"start":{"line":5,"column":0},"end":{"line":5,"column":62}},"4":{"start":{"line":6,"column":0},"end":{"line":6,"column":33}},"5":{"start":{"line":7,"column":0},"end":{"line":7,"column":35}}},"fnMap":{"0":{"name":"__export","decl":{"start":{"line":2,"column":9},"end":{"line":2,"column":17}},"loc":{"start":{"line":2,"column":21},"end":{"line":4,"column":1}},"line":2}},"branchMap":{"0":{"loc":{"start":{"line":3,"column":21},"end":{"line":3,"column":71}},"type":"if","locations":[{"start":{"line":3,"column":21},"end":{"line":3,"column":71}},{"start":{"line":3,"column":21},"end":{"line":3,"column":71}}],"line":3}},"s":{"0":2,"1":2,"2":2,"3":1,"4":1,"5":1},"f":{"0":2},"b":{"0":[2,0]},"_coverageSchema":"43e27e138ebf9cfc5966b082cf9a028302ed4184","hash":"2aa2eddab2c7848a18b2813094093499e80b7d17","contentHash":"be5849301b96786119bb94fde1eb9862749c49eb834adabc9a6aa8c4df2aea51"},"d:\\qaf_jar\\vs-icon\\qasOut\\src\\models\\contributions\\iconNames.js":{"path":"d:\\qaf_jar\\vs-icon\\qasOut\\src\\models\\contributions\\iconNames.js","statementMap":{"0":{"start":{"line":2,"column":0},"end":{"line":2,"column":62}},"1":{"start":{"line":4,"column":0},"end":{"line":14,"column":62}},"2":{"start":{"line":5,"column":4},"end":{"line":5,"column":32}},"3":{"start":{"line":6,"column":4},"end":{"line":6,"column":27}},"4":{"start":{"line":7,"column":4},"end":{"line":7,"column":44}},"5":{"start":{"line":8,"column":4},"end":{"line":8,"column":35}},"6":{"start":{"line":9,"column":4},"end":{"line":9,"column":52}},"7":{"start":{"line":10,"column":4},"end":{"line":10,"column":41}},"8":{"start":{"line":11,"column":4},"end":{"line":11,"column":58}},"9":{"start":{"line":12,"column":4},"end":{"line":12,"column":31}},"10":{"start":{"line":13,"column":4},"end":{"line":13,"column":48}}},"fnMap":{"0":{"name":"(anonymous_0)","decl":{"start":{"line":4,"column":1},"end":{"line":4,"column":2}},"loc":{"start":{"line":4,"column":22},"end":{"line":14,"column":1}},"line":4}},"branchMap":{"0":{"loc":{"start":{"line":14,"column":15},"end":{"line":14,"column":60}},"type":"binary-expr","locations":[{"start":{"line":14,"column":15},"end":{"line":14,"column":32}},{"start":{"line":14,"column":37},"end":{"line":14,"column":59}}],"line":14}},"s":{"0":1,"1":1,"2":1,"3":1,"4":1,"5":1,"6":1,"7":1,"8":1,"9":1,"10":1},"f":{"0":1},"b":{"0":[1,1]},"_coverageSchema":"43e27e138ebf9cfc5966b082cf9a028302ed4184","hash":"5e0ab3971c21954130336a34bb3c9707e3aa30a6","contentHash":"3e50bc3c6f5e03f93c46af8c56345a5177553276b0b5ee14a7afb44133fd57ea"},"d:\\qaf_jar\\vs-icon\\qasOut\\src\\models\\contributions\\presetNames.js":{"path":"d:\\qaf_jar\\vs-icon\\qasOut\\src\\models\\contributions\\presetNames.js","statementMap":{"0":{"start":{"line":2,"column":0},"end":{"line":2,"column":62}},"1":{"start":{"line":4,"column":0},"end":{"line":12,"column":68}},"2":{"start":{"line":5,"column":4},"end":{"line":5,"column":56}},"3":{"start":{"line":6,"column":4},"end":{"line":6,"column":62}},"4":{"start":{"line":7,"column":4},"end":{"line":7,"column":62}},"5":{"start":{"line":8,"column":4},"end":{"line":8,"column":66}},"6":{"start":{"line":9,"column":4},"end":{"line":9,"column":64}},"7":{"start":{"line":10,"column":4},"end":{"line":10,"column":84}},"8":{"start":{"line":11,"column":4},"end":{"line":11,"column":78}}},"fnMap":{"0":{"name":"(anonymous_0)","decl":{"start":{"line":4,"column":1},"end":{"line":4,"column":2}},"loc":{"start":{"line":4,"column":24},"end":{"line":12,"column":1}},"line":4}},"branchMap":{"0":{"loc":{"start":{"line":12,"column":17},"end":{"line":12,"column":66}},"type":"binary-expr","locations":[{"start":{"line":12,"column":17},"end":{"line":12,"column":36}},{"start":{"line":12,"column":41},"end":{"line":12,"column":65}}],"line":12}},"s":{"0":1,"1":1,"2":1,"3":1,"4":1,"5":1,"6":1,"7":1,"8":1},"f":{"0":1},"b":{"0":[1,1]},"_coverageSchema":"43e27e138ebf9cfc5966b082cf9a028302ed4184","hash":"812001789517c5080ddc042350cf7c769bf1dd35","contentHash":"dc9ac98087b1090bc264a937b892e0a5f4beaad4a3b7506e188fc956bad86ad0"},"d:\\qaf_jar\\vs-icon\\qasOut\\src\\models\\extensions\\index.js":{"path":"d:\\qaf_jar\\vs-icon\\qasOut\\src\\models\\extensions\\index.js","statementMap":{"0":{"start":{"line":3,"column":4},"end":{"line":3,"column":71}},"1":{"start":{"line":3,"column":21},"end":{"line":3,"column":71}},"2":{"start":{"line":3,"column":53},"end":{"line":3,"column":71}},"3":{"start":{"line":5,"column":0},"end":{"line":5,"column":62}},"4":{"start":{"line":6,"column":0},"end":{"line":6,"column":34}}},"fnMap":{"0":{"name":"__export","decl":{"start":{"line":2,"column":9},"end":{"line":2,"column":17}},"loc":{"start":{"line":2,"column":21},"end":{"line":4,"column":1}},"line":2}},"branchMap":{"0":{"loc":{"start":{"line":3,"column":21},"end":{"line":3,"column":71}},"type":"if","locations":[{"start":{"line":3,"column":21},"end":{"line":3,"column":71}},{"start":{"line":3,"column":21},"end":{"line":3,"column":71}}],"line":3}},"s":{"0":1,"1":1,"2":1,"3":1,"4":1},"f":{"0":1},"b":{"0":[1,0]},"_coverageSchema":"43e27e138ebf9cfc5966b082cf9a028302ed4184","hash":"7c2401e84ba47c3c4e2699e0013050b8efc15c3a","contentHash":"95885cc696ec439b9ce86b879eea9f07b154f6265992d2765ada4ec4d19ee119"},"d:\\qaf_jar\\vs-icon\\qasOut\\src\\models\\extensions\\fileFormat.js":{"path":"d:\\qaf_jar\\vs-icon\\qasOut\\src\\models\\extensions\\fileFormat.js","statementMap":{"0":{"start":{"line":2,"column":0},"end":{"line":2,"column":62}},"1":{"start":{"line":4,"column":0},"end":{"line":12,"column":65}},"2":{"start":{"line":5,"column":4},"end":{"line":5,"column":46}},"3":{"start":{"line":6,"column":4},"end":{"line":6,"column":46}},"4":{"start":{"line":7,"column":4},"end":{"line":7,"column":46}},"5":{"start":{"line":8,"column":4},"end":{"line":8,"column":46}},"6":{"start":{"line":9,"column":4},"end":{"line":9,"column":46}},"7":{"start":{"line":10,"column":4},"end":{"line":10,"column":48}},"8":{"start":{"line":11,"column":4},"end":{"line":11,"column":46}}},"fnMap":{"0":{"name":"(anonymous_0)","decl":{"start":{"line":4,"column":1},"end":{"line":4,"column":2}},"loc":{"start":{"line":4,"column":23},"end":{"line":12,"column":1}},"line":4}},"branchMap":{"0":{"loc":{"start":{"line":12,"column":16},"end":{"line":12,"column":63}},"type":"binary-expr","locations":[{"start":{"line":12,"column":16},"end":{"line":12,"column":34}},{"start":{"line":12,"column":39},"end":{"line":12,"column":62}}],"line":12}},"s":{"0":1,"1":1,"2":1,"3":1,"4":1,"5":1,"6":1,"7":1,"8":1},"f":{"0":1},"b":{"0":[1,1]},"_coverageSchema":"43e27e138ebf9cfc5966b082cf9a028302ed4184","hash":"8939c1a8de49244126f9e0e62791a6d3181a403e","contentHash":"1c2c20f0bfe7ce8b27f99b7d1b538aece096929be6687605849aab6f49ea3778"},"d:\\qaf_jar\\vs-icon\\qasOut\\src\\models\\i18n\\index.js":{"path":"d:\\qaf_jar\\vs-icon\\qasOut\\src\\models\\i18n\\index.js","statementMap":{"0":{"start":{"line":3,"column":4},"end":{"line":3,"column":71}},"1":{"start":{"line":3,"column":21},"end":{"line":3,"column":71}},"2":{"start":{"line":3,"column":53},"end":{"line":3,"column":71}},"3":{"start":{"line":5,"column":0},"end":{"line":5,"column":62}},"4":{"start":{"line":6,"column":0},"end":{"line":6,"column":40}}},"fnMap":{"0":{"name":"__export","decl":{"start":{"line":2,"column":9},"end":{"line":2,"column":17}},"loc":{"start":{"line":2,"column":21},"end":{"line":4,"column":1}},"line":2}},"branchMap":{"0":{"loc":{"start":{"line":3,"column":21},"end":{"line":3,"column":71}},"type":"if","locations":[{"start":{"line":3,"column":21},"end":{"line":3,"column":71}},{"start":{"line":3,"column":21},"end":{"line":3,"column":71}}],"line":3}},"s":{"0":1,"1":1,"2":1,"3":1,"4":1},"f":{"0":1},"b":{"0":[1,0]},"_coverageSchema":"43e27e138ebf9cfc5966b082cf9a028302ed4184","hash":"1345fe6fe973c7d200b59f3e2892c8e921670001","contentHash":"50bd4dec6e97ba9b74046d175e4f6c8d40767a1c682fbc3877f48ed72c67b1f3"},"d:\\qaf_jar\\vs-icon\\qasOut\\src\\models\\i18n\\langResourceKeys.js":{"path":"d:\\qaf_jar\\vs-icon\\qasOut\\src\\models\\i18n\\langResourceKeys.js","statementMap":{"0":{"start":{"line":2,"column":0},"end":{"line":2,"column":62}},"1":{"start":{"line":4,"column":0},"end":{"line":36,"column":83}},"2":{"start":{"line":5,"column":4},"end":{"line":5,"column":72}},"3":{"start":{"line":6,"column":4},"end":{"line":6,"column":82}},"4":{"start":{"line":7,"column":4},"end":{"line":7,"column":76}},"5":{"start":{"line":8,"column":4},"end":{"line":8,"column":70}},"6":{"start":{"line":9,"column":4},"end":{"line":9,"column":66}},"7":{"start":{"line":10,"column":4},"end":{"line":10,"column":68}},"8":{"start":{"line":11,"column":4},"end":{"line":11,"column":84}},"9":{"start":{"line":12,"column":4},"end":{"line":12,"column":70}},"10":{"start":{"line":13,"column":4},"end":{"line":13,"column":64}},"11":{"start":{"line":14,"column":4},"end":{"line":14,"column":72}},"12":{"start":{"line":15,"column":4},"end":{"line":15,"column":79}},"13":{"start":{"line":16,"column":4},"end":{"line":16,"column":87}},"14":{"start":{"line":17,"column":4},"end":{"line":17,"column":75}},"15":{"start":{"line":18,"column":4},"end":{"line":18,"column":83}},"16":{"start":{"line":19,"column":4},"end":{"line":19,"column":85}},"17":{"start":{"line":20,"column":4},"end":{"line":20,"column":99}},"18":{"start":{"line":21,"column":4},"end":{"line":21,"column":101}},"19":{"start":{"line":22,"column":4},"end":{"line":22,"column":99}},"20":{"start":{"line":23,"column":4},"end":{"line":23,"column":101}},"21":{"start":{"line":24,"column":4},"end":{"line":24,"column":103}},"22":{"start":{"line":25,"column":4},"end":{"line":25,"column":105}},"23":{"start":{"line":26,"column":4},"end":{"line":26,"column":101}},"24":{"start":{"line":27,"column":4},"end":{"line":27,"column":103}},"25":{"start":{"line":28,"column":4},"end":{"line":28,"column":121}},"26":{"start":{"line":29,"column":4},"end":{"line":29,"column":123}},"27":{"start":{"line":30,"column":4},"end":{"line":30,"column":115}},"28":{"start":{"line":31,"column":4},"end":{"line":31,"column":117}},"29":{"start":{"line":32,"column":4},"end":{"line":32,"column":67}},"30":{"start":{"line":33,"column":4},"end":{"line":33,"column":73}},"31":{"start":{"line":34,"column":4},"end":{"line":34,"column":79}},"32":{"start":{"line":35,"column":4},"end":{"line":35,"column":95}}},"fnMap":{"0":{"name":"(anonymous_0)","decl":{"start":{"line":4,"column":1},"end":{"line":4,"column":2}},"loc":{"start":{"line":4,"column":29},"end":{"line":36,"column":1}},"line":4}},"branchMap":{"0":{"loc":{"start":{"line":36,"column":22},"end":{"line":36,"column":81}},"type":"binary-expr","locations":[{"start":{"line":36,"column":22},"end":{"line":36,"column":46}},{"start":{"line":36,"column":51},"end":{"line":36,"column":80}}],"line":36}},"s":{"0":1,"1":1,"2":1,"3":1,"4":1,"5":1,"6":1,"7":1,"8":1,"9":1,"10":1,"11":1,"12":1,"13":1,"14":1,"15":1,"16":1,"17":1,"18":1,"19":1,"20":1,"21":1,"22":1,"23":1,"24":1,"25":1,"26":1,"27":1,"28":1,"29":1,"30":1,"31":1,"32":1},"f":{"0":1},"b":{"0":[1,1]},"_coverageSchema":"43e27e138ebf9cfc5966b082cf9a028302ed4184","hash":"7e25868cbbef60aa5549e0d742a8c0991c9b2e59","contentHash":"8cd9660559903b1d1b7d643f7ed2b49bedf01d0e804c59bb86901069cff3efb0"},"d:\\qaf_jar\\vs-icon\\qasOut\\src\\models\\projectDetector\\index.js":{"path":"d:\\qaf_jar\\vs-icon\\qasOut\\src\\models\\projectDetector\\index.js","statementMap":{"0":{"start":{"line":3,"column":4},"end":{"line":3,"column":71}},"1":{"start":{"line":3,"column":21},"end":{"line":3,"column":71}},"2":{"start":{"line":3,"column":53},"end":{"line":3,"column":71}},"3":{"start":{"line":5,"column":0},"end":{"line":5,"column":62}},"4":{"start":{"line":6,"column":0},"end":{"line":6,"column":32}}},"fnMap":{"0":{"name":"__export","decl":{"start":{"line":2,"column":9},"end":{"line":2,"column":17}},"loc":{"start":{"line":2,"column":21},"end":{"line":4,"column":1}},"line":2}},"branchMap":{"0":{"loc":{"start":{"line":3,"column":21},"end":{"line":3,"column":71}},"type":"if","locations":[{"start":{"line":3,"column":21},"end":{"line":3,"column":71}},{"start":{"line":3,"column":21},"end":{"line":3,"column":71}}],"line":3}},"s":{"0":1,"1":1,"2":1,"3":1,"4":1},"f":{"0":1},"b":{"0":[1,0]},"_coverageSchema":"43e27e138ebf9cfc5966b082cf9a028302ed4184","hash":"1725ef2a1b636d966f0ac5404b1043e72bbed775","contentHash":"d4b8ef0a52d32be604646d80b34ceaec3c5ed1772157c33f86d767c807534a33"},"d:\\qaf_jar\\vs-icon\\qasOut\\src\\models\\projectDetector\\projects.js":{"path":"d:\\qaf_jar\\vs-icon\\qasOut\\src\\models\\projectDetector\\projects.js","statementMap":{"0":{"start":{"line":2,"column":0},"end":{"line":2,"column":62}},"1":{"start":{"line":4,"column":0},"end":{"line":7,"column":59}},"2":{"start":{"line":5,"column":4},"end":{"line":5,"column":31}},"3":{"start":{"line":6,"column":4},"end":{"line":6,"column":35}}},"fnMap":{"0":{"name":"(anonymous_0)","decl":{"start":{"line":4,"column":1},"end":{"line":4,"column":2}},"loc":{"start":{"line":4,"column":21},"end":{"line":7,"column":1}},"line":4}},"branchMap":{"0":{"loc":{"start":{"line":7,"column":14},"end":{"line":7,"column":57}},"type":"binary-expr","locations":[{"start":{"line":7,"column":14},"end":{"line":7,"column":30}},{"start":{"line":7,"column":35},"end":{"line":7,"column":56}}],"line":7}},"s":{"0":1,"1":1,"2":1,"3":1},"f":{"0":1},"b":{"0":[1,1]},"_coverageSchema":"43e27e138ebf9cfc5966b082cf9a028302ed4184","hash":"bb56facfa71adb504f042b05f8f0fddb1dd314bd","contentHash":"515698f31ea1602894c03ccf7deec8aba2aea30fe55920479ea1519df928f789"},"d:\\qaf_jar\\vs-icon\\qasOut\\src\\models\\settings\\index.js":{"path":"d:\\qaf_jar\\vs-icon\\qasOut\\src\\models\\settings\\index.js","statementMap":{"0":{"start":{"line":3,"column":4},"end":{"line":3,"column":71}},"1":{"start":{"line":3,"column":21},"end":{"line":3,"column":71}},"2":{"start":{"line":3,"column":53},"end":{"line":3,"column":71}},"3":{"start":{"line":5,"column":0},"end":{"line":5,"column":62}},"4":{"start":{"line":6,"column":0},"end":{"line":6,"column":39}}},"fnMap":{"0":{"name":"__export","decl":{"start":{"line":2,"column":9},"end":{"line":2,"column":17}},"loc":{"start":{"line":2,"column":21},"end":{"line":4,"column":1}},"line":2}},"branchMap":{"0":{"loc":{"start":{"line":3,"column":21},"end":{"line":3,"column":71}},"type":"if","locations":[{"start":{"line":3,"column":21},"end":{"line":3,"column":71}},{"start":{"line":3,"column":21},"end":{"line":3,"column":71}}],"line":3}},"s":{"0":1,"1":1,"2":1,"3":1,"4":1},"f":{"0":1},"b":{"0":[1,0]},"_coverageSchema":"43e27e138ebf9cfc5966b082cf9a028302ed4184","hash":"b03a0e9d357dc6b1b7ec26bb0340539ed56e98e3","contentHash":"ca8405f508998ad351135a5acfd51b068cb660e2397e758fb9f44a9a79a0deb3"},"d:\\qaf_jar\\vs-icon\\qasOut\\src\\models\\settings\\extensionStatus.js":{"path":"d:\\qaf_jar\\vs-icon\\qasOut\\src\\models\\settings\\extensionStatus.js","statementMap":{"0":{"start":{"line":2,"column":0},"end":{"line":2,"column":62}},"1":{"start":{"line":4,"column":0},"end":{"line":8,"column":80}},"2":{"start":{"line":5,"column":4},"end":{"line":5,"column":64}},"3":{"start":{"line":6,"column":4},"end":{"line":6,"column":66}},"4":{"start":{"line":7,"column":4},"end":{"line":7,"column":74}}},"fnMap":{"0":{"name":"(anonymous_0)","decl":{"start":{"line":4,"column":1},"end":{"line":4,"column":2}},"loc":{"start":{"line":4,"column":28},"end":{"line":8,"column":1}},"line":4}},"branchMap":{"0":{"loc":{"start":{"line":8,"column":21},"end":{"line":8,"column":78}},"type":"binary-expr","locations":[{"start":{"line":8,"column":21},"end":{"line":8,"column":44}},{"start":{"line":8,"column":49},"end":{"line":8,"column":77}}],"line":8}},"s":{"0":1,"1":1,"2":1,"3":1,"4":1},"f":{"0":1},"b":{"0":[1,1]},"_coverageSchema":"43e27e138ebf9cfc5966b082cf9a028302ed4184","hash":"f55faefc9857e42c81ac549d1a68edf161501c1f","contentHash":"b7fb0da65739e76b629e919d69e5bbbc6bea2ff46ffee36a65ef4f39503c763c"},"d:\\qaf_jar\\vs-icon\\qasOut\\src\\errorHandler.js":{"path":"d:\\qaf_jar\\vs-icon\\qasOut\\src\\errorHandler.js","statementMap":{"0":{"start":{"line":2,"column":0},"end":{"line":2,"column":62}},"1":{"start":{"line":5,"column":8},"end":{"line":7,"column":21}},"2":{"start":{"line":10,"column":0},"end":{"line":10,"column":36}}},"fnMap":{"0":{"name":"(anonymous_0)","decl":{"start":{"line":4,"column":4},"end":{"line":4,"column":5}},"loc":{"start":{"line":4,"column":44},"end":{"line":8,"column":5}},"line":4}},"branchMap":{"0":{"loc":{"start":{"line":4,"column":27},"end":{"line":4,"column":42}},"type":"default-arg","locations":[{"start":{"line":4,"column":37},"end":{"line":4,"column":42}}],"line":4},"1":{"loc":{"start":{"line":5,"column":25},"end":{"line":5,"column":46}},"type":"cond-expr","locations":[{"start":{"line":5,"column":35},"end":{"line":5,"column":38}},{"start":{"line":5,"column":41},"end":{"line":5,"column":46}}],"line":5},"2":{"loc":{"start":{"line":5,"column":63},"end":{"line":7,"column":17}},"type":"binary-expr","locations":[{"start":{"line":5,"column":63},"end":{"line":5,"column":74}},{"start":{"line":6,"column":12},"end":{"line":6,"column":25}},{"start":{"line":7,"column":12},"end":{"line":7,"column":17}}],"line":5}},"s":{"0":1,"1":11,"2":1},"f":{"0":11},"b":{"0":[8],"1":[3,8],"2":[11,3,2]},"_coverageSchema":"43e27e138ebf9cfc5966b082cf9a028302ed4184","hash":"f8b1aa973d3e465000cef1502f5f3191829f299c","contentHash":"0fab41d78384068a677dbf2b559558873216af97dd2eceba2985fa29c3b192e9"},"d:\\qaf_jar\\vs-icon\\qasOut\\test\\commands\\helper.test.js":{"path":"d:\\qaf_jar\\vs-icon\\qasOut\\test\\commands\\helper.test.js","statementMap":{"0":{"start":{"line":2,"column":0},"end":{"line":2,"column":62}},"1":{"start":{"line":5,"column":15},"end":{"line":5,"column":30}},"2":{"start":{"line":6,"column":15},"end":{"line":6,"column":51}},"3":{"start":{"line":7,"column":17},"end":{"line":7,"column":44}},"4":{"start":{"line":8,"column":0},"end":{"line":98,"column":3}},"5":{"start":{"line":9,"column":4},"end":{"line":97,"column":7}},"6":{"start":{"line":10,"column":8},"end":{"line":13,"column":11}},"7":{"start":{"line":11,"column":12},"end":{"line":11,"column":96}},"8":{"start":{"line":12,"column":12},"end":{"line":12,"column":96}},"9":{"start":{"line":14,"column":8},"end":{"line":17,"column":11}},"10":{"start":{"line":15,"column":12},"end":{"line":15,"column":110}},"11":{"start":{"line":16,"column":12},"end":{"line":16,"column":103}},"12":{"start":{"line":18,"column":8},"end":{"line":28,"column":11}},"13":{"start":{"line":19,"column":12},"end":{"line":21,"column":15}},"14":{"start":{"line":20,"column":16},"end":{"line":20,"column":98}},"15":{"start":{"line":22,"column":12},"end":{"line":27,"column":15}},"16":{"start":{"line":23,"column":16},"end":{"line":23,"column":142}},"17":{"start":{"line":24,"column":16},"end":{"line":24,"column":148}},"18":{"start":{"line":25,"column":16},"end":{"line":25,"column":148}},"19":{"start":{"line":26,"column":16},"end":{"line":26,"column":152}},"20":{"start":{"line":29,"column":8},"end":{"line":96,"column":11}},"21":{"start":{"line":31,"column":12},"end":{"line":68,"column":15}},"22":{"start":{"line":32,"column":16},"end":{"line":67,"column":18}},"23":{"start":{"line":69,"column":12},"end":{"line":71,"column":15}},"24":{"start":{"line":70,"column":16},"end":{"line":70,"column":149}},"25":{"start":{"line":72,"column":12},"end":{"line":76,"column":15}},"26":{"start":{"line":73,"column":29},"end":{"line":73,"column":99}},"27":{"start":{"line":74,"column":16},"end":{"line":74,"column":63}},"28":{"start":{"line":75,"column":16},"end":{"line":75,"column":58}},"29":{"start":{"line":77,"column":12},"end":{"line":82,"column":15}},"30":{"start":{"line":78,"column":16},"end":{"line":78,"column":63}},"31":{"start":{"line":79,"column":29},"end":{"line":79,"column":99}},"32":{"start":{"line":80,"column":16},"end":{"line":80,"column":63}},"33":{"start":{"line":81,"column":16},"end":{"line":81,"column":59}},"34":{"start":{"line":83,"column":12},"end":{"line":88,"column":15}},"35":{"start":{"line":84,"column":16},"end":{"line":84,"column":87}},"36":{"start":{"line":85,"column":29},"end":{"line":85,"column":109}},"37":{"start":{"line":86,"column":16},"end":{"line":86,"column":63}},"38":{"start":{"line":87,"column":16},"end":{"line":87,"column":58}},"39":{"start":{"line":89,"column":12},"end":{"line":95,"column":15}},"40":{"start":{"line":90,"column":16},"end":{"line":90,"column":63}},"41":{"start":{"line":91,"column":16},"end":{"line":91,"column":87}},"42":{"start":{"line":92,"column":29},"end":{"line":92,"column":109}},"43":{"start":{"line":93,"column":16},"end":{"line":93,"column":63}},"44":{"start":{"line":94,"column":16},"end":{"line":94,"column":59}}},"fnMap":{"0":{"name":"(anonymous_0)","decl":{"start":{"line":8,"column":26},"end":{"line":8,"column":27}},"loc":{"start":{"line":8,"column":38},"end":{"line":98,"column":1}},"line":8},"1":{"name":"(anonymous_1)","decl":{"start":{"line":9,"column":28},"end":{"line":9,"column":29}},"loc":{"start":{"line":9,"column":40},"end":{"line":97,"column":5}},"line":9},"2":{"name":"(anonymous_2)","decl":{"start":{"line":10,"column":63},"end":{"line":10,"column":64}},"loc":{"start":{"line":10,"column":75},"end":{"line":13,"column":9}},"line":10},"3":{"name":"(anonymous_3)","decl":{"start":{"line":14,"column":70},"end":{"line":14,"column":71}},"loc":{"start":{"line":14,"column":82},"end":{"line":17,"column":9}},"line":14},"4":{"name":"(anonymous_4)","decl":{"start":{"line":18,"column":42},"end":{"line":18,"column":43}},"loc":{"start":{"line":18,"column":54},"end":{"line":28,"column":9}},"line":18},"5":{"name":"(anonymous_5)","decl":{"start":{"line":19,"column":61},"end":{"line":19,"column":62}},"loc":{"start":{"line":19,"column":73},"end":{"line":21,"column":13}},"line":19},"6":{"name":"(anonymous_6)","decl":{"start":{"line":22,"column":42},"end":{"line":22,"column":43}},"loc":{"start":{"line":22,"column":54},"end":{"line":27,"column":13}},"line":22},"7":{"name":"(anonymous_7)","decl":{"start":{"line":29,"column":38},"end":{"line":29,"column":39}},"loc":{"start":{"line":29,"column":50},"end":{"line":96,"column":9}},"line":29},"8":{"name":"(anonymous_8)","decl":{"start":{"line":31,"column":23},"end":{"line":31,"column":24}},"loc":{"start":{"line":31,"column":29},"end":{"line":68,"column":13}},"line":31},"9":{"name":"(anonymous_9)","decl":{"start":{"line":69,"column":61},"end":{"line":69,"column":62}},"loc":{"start":{"line":69,"column":73},"end":{"line":71,"column":13}},"line":69},"10":{"name":"(anonymous_10)","decl":{"start":{"line":72,"column":61},"end":{"line":72,"column":62}},"loc":{"start":{"line":72,"column":73},"end":{"line":76,"column":13}},"line":72},"11":{"name":"(anonymous_11)","decl":{"start":{"line":77,"column":63},"end":{"line":77,"column":64}},"loc":{"start":{"line":77,"column":75},"end":{"line":82,"column":13}},"line":77},"12":{"name":"(anonymous_12)","decl":{"start":{"line":83,"column":72},"end":{"line":83,"column":73}},"loc":{"start":{"line":83,"column":84},"end":{"line":88,"column":13}},"line":83},"13":{"name":"(anonymous_13)","decl":{"start":{"line":89,"column":72},"end":{"line":89,"column":73}},"loc":{"start":{"line":89,"column":84},"end":{"line":95,"column":13}},"line":89}},"branchMap":{
[...]
olumn":69},"end":{"line":114,"column":21}},"line":110},"23":{"name":"(anonymous_23)","decl":{"start":{"line":115,"column":44},"end":{"line":115,"column":45}},"loc":{"start":{"line":115,"column":56},"end":{"line":117,"column":21}},"line":115},"24":{"name":"(anonymous_24)","decl":{"start":{"line":118,"column":48},"end":{"line":118,"column":49}},"loc":{"start":{"line":118,"column":60},"end":{"line":120,"column":21}},"line":118},"25":{"name":"(anonymous_25)","decl":{"start":{"line":121,"column":47},"end":{"line":121,"column":48}},"loc":{"start":{"line":121,"column":59},"end":{"line":124,"column":21}},"line":121},"26":{"name":"(anonymous_26)","decl":{"start":{"line":127,"column":42},"end":{"line":127,"column":43}},"loc":{"start":{"line":127,"column":54},"end":{"line":138,"column":13}},"line":127},"27":{"name":"(anonymous_27)","decl":{"start":{"line":128,"column":65},"end":{"line":128,"column":66}},"loc":{"start":{"line":128,"column":77},"end":{"line":130,"column":17}},"line":128},"28":{"name":"(anonymous_28)","decl":{"start":{"line":131,"column":63},"end":{"line":131,"column":64}},"loc":{"start":{"line":131,"column":75},"end":{"line":133,"column":17}},"line":131},"29":{"name":"(anonymous_29)","decl":{"start":{"line":134,"column":64},"end":{"line":134,"column":65}},"loc":{"start":{"line":134,"column":76},"end":{"line":137,"column":17}},"line":134},"30":{"name":"(anonymous_30)","decl":{"start":{"line":140,"column":49},"end":{"line":140,"column":50}},"loc":{"start":{"line":140,"column":61},"end":{"line":144,"column":9}},"line":140},"31":{"name":"(anonymous_31)","decl":{"start":{"line":141,"column":42},"end":{"line":141,"column":43}},"loc":{"start":{"line":141,"column":54},"end":{"line":143,"column":13}},"line":141},"32":{"name":"(anonymous_32)","decl":{"start":{"line":145,"column":49},"end":{"line":145,"column":50}},"loc":{"start":{"line":145,"column":61},"end":{"line":151,"column":9}},"line":145},"33":{"name":"(anonymous_33)","decl":{"start":{"line":146,"column":39},"end":{"line":146,"column":40}},"loc":{"start":{"line":146,"column":51},"end":{"line":150,"column":13}},"line":146},"34":{"name":"(anonymous_34)","decl":{"start":{"line":152,"column":55},"end":{"line":152,"column":56}},"loc":{"start":{"line":152,"column":67},"end":{"line":171,"column":9}},"line":152},"35":{"name":"(anonymous_35)","decl":{"start":{"line":153,"column":47},"end":{"line":153,"column":48}},"loc":{"start":{"line":153,"column":59},"end":{"line":162,"column":13}},"line":153},"36":{"name":"(anonymous_36)","decl":{"start":{"line":163,"column":55},"end":{"line":163,"column":56}},"loc":{"start":{"line":163,"column":67},"end":{"line":165,"column":13}},"line":163},"37":{"name":"(anonymous_37)","decl":{"start":{"line":166,"column":85},"end":{"line":166,"column":86}},"loc":{"start":{"line":166,"column":97},"end":{"line":170,"column":13}},"line":166},"38":{"name":"(anonymous_38)","decl":{"start":{"line":172,"column":42},"end":{"line":172,"column":43}},"loc":{"start":{"line":172,"column":54},"end":{"line":213,"column":9}},"line":172},"39":{"name":"(anonymous_39)","decl":{"start":{"line":173,"column":74},"end":{"line":173,"column":75}},"loc":{"start":{"line":173,"column":86},"end":{"line":212,"column":13}},"line":173},"40":{"name":"(anonymous_40)","decl":{"start":{"line":214,"column":48},"end":{"line":214,"column":49}},"loc":{"start":{"line":214,"column":60},"end":{"line":223,"column":9}},"line":214},"41":{"name":"(anonymous_41)","decl":{"start":{"line":215,"column":42},"end":{"line":215,"column":43}},"loc":{"start":{"line":215,"column":54},"end":{"line":218,"column":13}},"line":215},"42":{"name":"(anonymous_42)","decl":{"start":{"line":219,"column":69},"end":{"line":219,"column":70}},"loc":{"start":{"line":219,"column":81},"end":{"line":222,"column":13}},"line":219},"43":{"name":"(anonymous_43)","decl":{"start":{"line":224,"column":42},"end":{"line":224,"column":43}},"loc":{"start":{"line":224,"column":54},"end":{"line":240,"column":9}},"line":224},"44":{"name":"(anonymous_44)","decl":{"start":{"line":225,"column":81},"end":{"line":225,"column":82}},"loc":{"start":{"line":225,"column":93},"end":{"line":239,"column":13}},"line":225}},"branchMap":{},"s":{"0":1,"1":1,"2":1,"3":1,"4":1,"5":1,"6":1,"7":1,"8":1,"9":1,"10":1,"11":1,"12":1,"13":1,"14":1,"15":1,"16":1,"17":1,"18":1,"19":1,"20":1,"21":1,"22":1,"23":1,"24":1,"25":1,"26":1,"27":1,"28":1,"29":1,"30":1,"31":1,"32":1,"33":1,"34":1,"35":1,"36":2,"37":2,"38":5,"39":2,"40":2,"41":2,"42":2,"43":2,"44":1,"45":1,"46":1,"47":1,"48":1,"49":1,"50":1,"51":1,"52":1,"53":1,"54":1,"55":1,"56":1,"57":1,"58":1,"59":1,"60":1,"61":1,"62":1,"63":1,"64":4,"65":4,"66":4,"67":1,"68":1,"69":1,"70":1,"71":1,"72":1,"73":1,"74":1,"75":1,"76":1,"77":1,"78":1,"79":1,"80":1,"81":1,"82":1,"83":1,"84":1,"85":1,"86":1,"87":1,"88":1,"89":1,"90":1,"91":1,"92":1,"93":1,"94":1,"95":1,"96":1,"97":1,"98":1,"99":1,"100":1,"101":1,"102":1,"103":1,"104":1,"105":1,"106":1,"107":1,"108":1,"109":1,"110":1,"111":1,"112":1,"113":1,"114":1,"115":1,"116":1,"117":1,"118":1},"f":{"0":1,"1":1,"2":1,"3":1,"4":1,"5":1,"6":1,"7":1,"8":1,"9":1,"10":1,"11":2,"12":5,"13":1,"14":1,"15":1,"16":1,"17":1,"18":1,"19":1,"20":1,"21":1,"22":4,"23":1,"24":1,"25":1,"26":1,"27":1,"28":1,"29":1,"30":1,"31":1,"32":1,"33":1,"34":1,"35":1,"36":1,"37":1,"38":1,"39":1,"40":1,"41":1,"42":1,"43":1,"44":1},"b":{},"_coverageSchema":"43e27e138ebf9cfc5966b082cf9a028302ed4184","hash":"ba9130b5453ad5766f1c9c5a9a93543296b65ee9","contentHash":"bc4fa00e5a48fc7cc446e028963bf797efad3766a2e6d366bc4fd1afe2fc5d68"},"d:\\qaf_jar\\vs-icon\\qasOut\\test\\utils\\vscode-extensions.test.js":{"path":"d:\\qaf_jar\\vs-icon\\qasOut\\test\\utils\\vscode-extensions.test.js","statementMap":{"0":{"start":{"line":2,"column":0},"end":{"line":2,"column":62}},"1":{"start":{"line":5,"column":15},"end":{"line":5,"column":30}},"2":{"start":{"line":6,"column":16},"end":{"line":6,"column":34}},"3":{"start":{"line":7,"column":0},"end":{"line":259,"column":3}},"4":{"start":{"line":8,"column":4},"end":{"line":258,"column":7}},"5":{"start":{"line":9,"column":23},"end":{"line":34,"column":9}},"6":{"start":{"line":19,"column":16},"end":{"line":26,"column":17}},"7":{"start":{"line":21,"column":24},"end":{"line":21,"column":44}},"8":{"start":{"line":23,"column":24},"end":{"line":23,"column":46}},"9":{"start":{"line":25,"column":24},"end":{"line":25,"column":36}},"10":{"start":{"line":37,"column":8},"end":{"line":49,"column":11}},"11":{"start":{"line":38,"column":12},"end":{"line":41,"column":15}},"12":{"start":{"line":42,"column":12},"end":{"line":42,"column":75}},"13":{"start":{"line":43,"column":12},"end":{"line":43,"column":24}},"14":{"start":{"line":44,"column":12},"end":{"line":44,"column":51}},"15":{"start":{"line":45,"column":12},"end":{"line":45,"column":65}},"16":{"start":{"line":46,"column":12},"end":{"line":48,"column":14}},"17":{"start":{"line":47,"column":40},"end":{"line":47,"column":46}},"18":{"start":{"line":50,"column":8},"end":{"line":52,"column":11}},"19":{"start":{"line":51,"column":12},"end":{"line":51,"column":30}},"20":{"start":{"line":53,"column":8},"end":{"line":55,"column":11}},"21":{"start":{"line":54,"column":12},"end":{"line":54,"column":71}},"22":{"start":{"line":56,"column":8},"end":{"line":59,"column":11}},"23":{"start":{"line":57,"column":24},"end":{"line":57,"column":41}},"24":{"start":{"line":58,"column":12},"end":{"line":58,"column":51}},"25":{"start":{"line":60,"column":8},"end":{"line":70,"column":11}},"26":{"start":{"line":61,"column":27},"end":{"line":61,"column":73}},"27":{"start":{"line":62,"column":12},"end":{"line":67,"column":14}},"28":{"start":{"line":62,"column":84},"end":{"line":67,"column":13}},"29":{"start":{"line":68,"column":27},"end":{"line":68,"column":53}},"30":{"start":{"line":69,"column":12},"end":{"line":69,"column":59}},"31":{"start":{"line":71,"column":8},"end":{"line":75,"column":11}},"32":{"start":{"line":72,"column":12},"end":{"line":72,"column":59}},"33":{"start":{"line":72,"column":54},"end":{"line":72,"column":58}},"34":{"start":{"line":73,"column":27},"end":{"line":73,"column":59}},"35":{"start":{"line":74,"column":12},"end":{"line":74,"column":58}},"36":{"start":{"line":76,"column":8},"end":{"line":257,"column":11}},"37":{"start":{"line":77,"column":12},"end":{"line":166,"column":15}},"38":{"start":{"line":78,"column":16},"end":{"line":88,"column":19}},"39":{"start":{"line":79,"column":20},"end":{"line":85,"column":22}},"40":{"start":{"line":86,"column":20},"end":{"line":86,"column":81}},"41":{"start":{"line":87,"column":20},"end":{"line":87,"column":90}},"42":{"start":{"line":89,"column":16},"end":{"line":100,"column":19}},"43":{"start":{"line":90,"column":20},"end":{"line":96,"column":22}},"44":{"start":{"line":97,"column":20},"end":{"line":97,"column":53}},"45":{"start":{"line":98,"column":20},"end":{"line":98,"column":81}},"46":{"start":{"line":99,"column":20},"end":{"line":99,"column":90}},"47":{"start":{"line":101,"column":16},"end":{"line":130,"column":19}},"48":{"start":{"line":102,"column":20},"end":{"line":108,"column":22}},"49":{"start":{"line":109,"column":20},"end":{"line":115,"column":22}},"50":{"start":{"line":117,"column":20},"end":{"line":117,"column":84}},"51":{"start":{"line":118,"column":20},"end":{"line":129,"column":23}},"52":{"start":{"line":131,"column":16},"end":{"line":165,"column":19}},"53":{"start":{"line":132,"column":20},"end":{"line":138,"column":22}},"54":{"start":{"line":139,"column":20},"end":{"line":150,"column":22}},"55":{"start":{"line":152,"column":20},"end":{"line":152,"column":84}},"56":{"start":{"line":153,"column":20},"end":{"line":164,"column":23}},"57":{"start":{"line":167,"column":12},"end":{"line":256,"column":15}},"58":{"start":{"line":168,"column":16},"end":{"line":178,"column":19}},"59":{"start":{"line":169,"column":20},"end":{"line":175,"column":22}},"60":{"start":{"line":176,"column":20},"end":{"line":176,"column":85}},"61":{"start":{"line":177,"column":20},"end":{"line":177,"column":90}},"62":{"start":{"line":179,"column":16},"end":{"line":190,"column":19}},"63":{"start":{"line":180,"column":20},"end":{"line":186,"column":22}},"64":{"start":{"line":187,"column":20},"end":{"line":187,"column":55}},"65":{"start":{"line":188,"column":20},"end":{"line":188,"column":85}},"66":{"start":{"line":189,"column":20},"end":{"line":189,"column":90}},"67":{"start":{"line":191,"column":16},"end":{"line":220,"column":19}},"68":{"start":{"line":192,"column":20},"end":{"line":198,"column":22}},"69":{"start":{"line":199,"column":20},"end":{"line":205,"column":22}},"70":{"start":{"line":207,"column":20},"end":{"line":207,"column":88}},"71":{"start":{"line":208,"column":20},"end":{"line":219,"column":23}},"72":{"start":{"line":221,"column":16},"end":{"line":255,"column":19}},"73":{"start":{"line":222,"column":20},"end":{"line":228,"column":22}},"74":{"start":{"line":229,"column":20},"end":{"line":240,"column":22}},"75":{"start":{"line":242,"column":20},"end":{"line":242,"column":88}},"76":{"start":{"line":243,"column":20},"end":{"line":254,"column":23}}},"fnMap":{"0":{"name":"(anonymous_0)","decl":{"start":{"line":7,"column":37},"end":{"line":7,"column":38}},"loc":{"start":{"line":7,"column":49},"end":{"line":259,"column":1}},"line":7},"1":{"name":"(anonymous_1)","decl":{"start":{"line":8,"column":28},"end":{"line":8,"column":29}},"loc":{"start":{"line":8,"column":40},"end":{"line":258,"column":5}},"line":8},"2":{"name":"(anonymous_2)","decl":{"start":{"line":18,"column":21},"end":{"line":18,"column":22}},"loc":{"start":{"line":18,"column":28},"end":{"line":27,"column":13}},"line":18},"3":{"name":"(anonymous_3)","decl":{"start":{"line":37,"column":15},"end":{"line":37,"column":16}},"loc":{"start":{"line":37,"column":21},"end":{"line":49,"column":9}},"line":37},"4":{"name":"(anonymous_4)","decl":{"start":{"line":47,"column":34},"end":{"line":47,"column":35}},"loc":{"start":{"line":47,"column":40},"end":{"line":47,"column":46}},"line":47},"5":{"name":"(anonymous_5)","decl":{"start":{"line":50,"column":14},"end":{"line":50,"column":15}},"loc":{"start":{"line":50,"column":20},"end":{"line":52,"column":9}},"line":50},"6":{"name":"(anonymous_6)","decl":{"start":{"line":53,"column":61},"end":{"line":53,"column":62}},"loc":{"start":{"line":53,"column":73},"end":{"line":55,"column":9}},"line":53},"7":{"name":"(anonymous_7)","decl":{"start":{"line":56,"column":86},"end":{"line":56,"column":87}},"loc":{"start":{"line":56,"column":98},"end":{"line":59,"column":9}},"line":56},"8":{"name":"(anonymous_8)","decl":{"start":{"line":60,"column":79},"end":{"line":60,"column":80}},"loc":{"start":{"line":60,"column":91},"end":{"line":70,"column":9}},"line":60},"9":{"name":"(anonymous_9)","decl":{"start":{"line":62,"column":41},"end":{"line":62,"column":42}},"loc":{"start":{"line":62,"column":84},"end":{"line":67,"column":13}},"line":62},"10":{"name":"(anonymous_10)","decl":{"start":{"line":71,"column":89},"end":{"line":71,"column":90}},"loc":{"start":{"line":71,"column":101},"end":{"line":75,"column":9}},"line":71},"11":{"name":"(anonymous_11)","decl":{"start":{"line":72,"column":46},"end":{"line":72,"column":47}},"loc":{"start":{"line":72,"column":54},"end":{"line":72,"column":58}},"line":72},"12":{"name":"(anonymous_12)","decl":{"start":{"line":76,"column":55},"end":{"line":76,"column":56}},"loc":{"start":{"line":76,"column":67},"end":{"line":257,"column":9}},"line":76},"13":{"name":"(anonymous_13)","decl":{"start":{"line":77,"column":34},"end":{"line":77,"column":35}},"loc":{"start":{"line":77,"column":46},"end":{"line":166,"column":13}},"line":77},"14":{"name":"(anonymous_14)","decl":{"start":{"line":78,"column":88},"end":{"line":78,"column":89}},"loc":{"start":{"line":78,"column":100},"end":{"line":88,"column":17}},"line":78},"15":{"name":"(anonymous_15)","decl":{"start":{"line":89,"column":95},"end":{"line":89,"column":96}},"loc":{"start":{"line":89,"column":107},"end":{"line":100,"column":17}},"line":89},"16":{"name":"(anonymous_16)","decl":{"start":{"line":101,"column":67},"end":{"line":101,"column":68}},"loc":{"start":{"line":101,"column":79},"end":{"line":130,"column":17}},"line":101},"17":{"name":"(anonymous_17)","decl":{"start":{"line":131,"column":96},"end":{"line":131,"column":97}},"loc":{"start":{"line":131,"column":108},"end":{"line":165,"column":17}},"line":131},"18":{"name":"(anonymous_18)","decl":{"start":{"line":167,"column":36},"end":{"line":167,"column":37}},"loc":{"start":{"line":167,"column":48},"end":{"line":256,"column":13}},"line":167},"19":{"name":"(anonymous_19)","decl":{"start":{"line":168,"column":88},"end":{"line":168,"column":89}},"loc":{"start":{"line":168,"column":100},"end":{"line":178,"column":17}},"line":168},"20":{"name":"(anonymous_20)","decl":{"start":{"line":179,"column":95},"end":{"line":179,"column":96}},"loc":{"start":{"line":179,"column":107},"end":{"line":190,"column":17}},"line":179},"21":{"name":"(anonymous_21)","decl":{"start":{"line":191,"column":67},"end":{"line":191,"column":68}},"loc":{"start":{"line":191,"column":79},"end":{"line":220,"column":17}},"line":191},"22":{"name":"(anonymous_22)","decl":{"start":{"line":221,"column":96},"end":{"line":221,"column":97}},"loc":{"start":{"line":221,"column":108},"end":{"line":255,"column":17}},"line":221}},"branchMap":{"0":{"loc":{"start":{"line":19,"column":16},"end":{"line":26,"column":17}},"type":"switch","locations":[{"start":{"line":20,"column":20},"end":{"line":21,"column":44}},{"start":{"line":22,"column":20},"end":{"line":23,"column":46}},{"start":{"line":24,"column":20},"end":{"line":25,"column":36}}],"line":19}},"s":{"0":1,"1":1,"2":1,"3":1,"4":1,"5":1,"6":17,"7":8,"8":8,"9":1,"10":1,"11":1,"12":1,"13":1,"14":1,"15":1,"16":1,"17":9,"18":1,"19":1,"20":1,"21":1,"22":1,"23":1,"24":1,"25":1,"26":1,"27":1,"28":1,"29":1,"30":1,"31":1,"32":1,"33":1,"34":1,"35":1,"36":1,"37":1,"38":1,"39":1,"40":1,"41":1,"42":1,"43":1,"44":1,"45":1,"46":1,"47":1,"48":1,"49":1,"50":1,"51":1,"52":1,"53":1,"54":1,"55":1,"56":1,"57":1,"58":1,"59":1,"60":1,"61":1,"62":1,"63":1,"64":1,"65":1,"66":1,"67":1,"68":1,"69":1,"70":1,"71":1,"72":1,"73":1,"74":1,"75":1,"76":1},"f":{"0":1,"1":1,"2":17,"3":1,"4":9,"5":1,"6":1,"7":1,"8":1,"9":1,"10":1,"11":1,"12":1,"13":1,"14":1,"15":1,"16":1,"17":1,"18":1,"19":1,"20":1,"21":1,"22":1},"b":{"0":[8,8,1]},"_coverageSchema":"43e27e138ebf9cfc5966b082cf9a028302ed4184","hash":"6dfb40e9e0697f5df8825736b5576beb7199ae59","contentHash":"7b5cb5acf946ed8e0958a14bea271d83b5175c798e7e3c638be710c516d83cbf"},"d:\\qaf_jar\\vs-icon\\qasOut\\src\\utils\\vscode-extensions.js":{"path":"d:\\qaf_jar\\vs-icon\\qasOut\\src\\utils\\vscode-extensions.js","statementMap":{"0":{"start":{"line":2,"column":0},"end":{"line":2,"column":62}},"1":{"start":{"line":3,"column":10},"end":{"line":3,"column":27}},"2":{"start":{"line":4,"column":15},"end":{"line":4,"column":32}},"3":{"start":{"line":6,"column":4},"end":{"line":6,"column":47}},"4":{"start":{"line":8,"column":0},"end":{"line":8,"column":30}},"5":{"start":{"line":10,"column":19},"end":{"line":10,"column":54}},"6":{"start":{"line":11,"column":25},"end":{"line":11,"column":52}},"7":{"start":{"line":12,"column":18},"end":{"line":12,"column":62}},"8":{"start":{"line":13,"column":20},"end":{"line":13,"column":66}},"9":{"start":{"line":14,"column":4},"end":{"line":16,"column":5}},"10":{"start":{"line":15,"column":8},"end":{"line":15,"column":106}},"11":{"start":{"line":17,"column":4},"end":{"line":19,"column":5}},"12":{"start":{"line":18,"column":8},"end":{"line":18,"column":112}},"13":{"start":{"line":20,"column":4},"end":{"line":20,"column":24}},"14":{"start":{"line":22,"column":0},"end":{"line":22,"column":44}},"15":{"start":{"line":24,"column":4},"end":{"line":24,"column":75}},"16":{"start":{"line":26,"column":0},"end":{"line":26,"column":30}},"17":{"start":{"line":28,"column":4},"end":{"line":28,"column":54}},"18":{"start":{"line":30,"column":0},"end":{"line":30,"column":40}}},"fnMap":{"0":{"name":"getConfig","decl":{"start":{"line":5,"column":9},"end":{"line":5,"column":18}},"loc":{"start":{"line":5,"column":21},"end":{"line":7,"column":1}},"line":5},"1":{"name":"getVsiconsConfig","decl":{"start":{"line":9,"column":9},"end":{"line":9,"column":25}},"loc":{"start":{"line":9,"column":28},"end":{"line":21,"column":1}},"line":9},"2":{"name":"findFiles","decl":{"start":{"line":23,"column":9},"end":{"line":23,"column":18}},"loc":{"start":{"line":23,"column":56},"end":{"line":25,"column":1}},"line":23},"3":{"name":"asRelativePath","decl":{"start":{"line":27,"column":9},"end":{"line":27,"column":23}},"loc":{"start":{"line":27,"column":35},"end":{"line":29,"column":1}},"line":27}},"branchMap":{"0":{"loc":{"start":{"line":14,"column":4},"end":{"line":16,"column":5}},"type":"if","locations":[{"start":{"line":14,"column":4},"end":{"line":16,"column":5}},{"start":{"line":14,"column":4},"end":{"line":16,"column":5}}],"line":14},"1":{"loc":{"start":{"line":14,"column":8},"end":{"line":14,"column":49}},"type":"binary-expr","locations":[{"start":{"line":14,"column":8},"end":{"line":14,"column":28}},{"start":{"line":14,"column":32},"end":{"line":14,"column":49}}],"line":14},"2":{"loc":{"start":{"line":17,"column":4},"end":{"line":19,"column":5}},"type":"if","locations":[{"start":{"line":17,"column":4},"end":{"line":19,"column":5}},{"start":{"line":17,"column":4},"end":{"line":19,"column":5}}],"line":17},"3":{"loc":{"start":{"line":17,"column":8},"end":{"line":17,"column":53}},"type":"binary-expr","locations":[{"start":{"line":17,"column":8},"end":{"line":17,"column":30}},{"start":{"line":17,"column":34},"end":{"line":17,"column":53}}],"line":17}},"s":{"0":1,"1":1,"2":1,"3":1,"4":1,"5":8,"6":8,"7":8,"8":8,"9":8,"10":7,"11":8,"12":3,"13":8,"14":1,"15":1,"16":1,"17":1,"18":1},"f":{"0":1,"1":8,"2":1,"3":1},"b":{"0":[7,1],"1":[8,7],"2":[3,5],"3":[8,3]},"_coverageSchema":"43e27e138ebf9cfc5966b082cf9a028302ed4184","hash":"5c3811258df70886618ce836dfc93741937dfd4a","contentHash":"d24b9a83d6684c1f83ab273ba200c41cb37f958247fedece9ca69dbeb0f003b7"}}